Using pre-set license
Built from '2022.2/staging' branch; Version is '2022.2.21f1 (4907324dc95b) revision 4785970'; Using compiler version '192829333'; Build Type 'Release'
OS: 'Windows 10  (10.0.19045) 64bit Core' Language: 'en' Physical Memory: 16264 MB
BatchMode: 1, IsHumanControllingUs: 0, StartBugReporterOnCrash: 0, Is64bit: 1, IsPro: 1

COMMAND LINE ARGUMENTS:
F:\unityfolder\2022.2.21f1\Editor\Unity.exe
-adb2
-batchMode
-noUpm
-name
AssetImportWorker0
-projectPath
C:/Users/typic/OneDrive/Documents/WN_M04_DV01/PlayFab
-logFile
Logs/AssetImportWorker0.log
-srvPort
62221
Successfully changed project path to: C:/Users/typic/OneDrive/Documents/WN_M04_DV01/PlayFab
C:/Users/typic/OneDrive/Documents/WN_M04_DV01/PlayFab
[UnityMemory] Configuration Parameters - Can be set up in boot.config
    "memorysetup-bucket-allocator-granularity=16"
    "memorysetup-bucket-allocator-bucket-count=8"
    "memorysetup-bucket-allocator-block-size=33554432"
    "memorysetup-bucket-allocator-block-count=8"
    "memorysetup-main-allocator-block-size=16777216"
    "memorysetup-thread-allocator-block-size=16777216"
    "memorysetup-gfx-main-allocator-block-size=16777216"
    "memorysetup-gfx-thread-allocator-block-size=16777216"
    "memorysetup-cache-allocator-block-size=4194304"
    "memorysetup-typetree-allocator-block-size=2097152"
    "memorysetup-profiler-bucket-allocator-granularity=16"
    "memorysetup-profiler-bucket-allocator-bucket-count=8"
    "memorysetup-profiler-bucket-allocator-block-size=33554432"
    "memorysetup-profiler-bucket-allocator-block-count=8"
    "memorysetup-profiler-allocator-block-size=16777216"
    "memorysetup-profiler-editor-allocator-block-size=1048576"
    "memorysetup-temp-allocator-size-main=16777216"
    "memorysetup-job-temp-allocator-block-size=2097152"
    "memorysetup-job-temp-allocator-block-size-background=1048576"
    "memorysetup-job-temp-allocator-reduction-small-platforms=262144"
    "memorysetup-allocator-temp-initial-block-size-main=262144"
    "memorysetup-allocator-temp-initial-block-size-worker=262144"
    "memorysetup-temp-allocator-size-background-worker=32768"
    "memorysetup-temp-allocator-size-job-worker=262144"
    "memorysetup-temp-allocator-size-preload-manager=33554432"
    "memorysetup-temp-allocator-size-nav-mesh-worker=65536"
    "memorysetup-temp-allocator-size-audio-worker=65536"
    "memorysetup-temp-allocator-size-cloud-worker=32768"
    "memorysetup-temp-allocator-size-gi-baking-worker=262144"
    "memorysetup-temp-allocator-size-gfx=262144"
Player connection [15132] Host "[IP] 172.30.70.147 [Port] 0 [Flags] 2 [Guid] 2080821305 [EditorId] 2080821305 [Version] 1048832 [Id] WindowsEditor(7,BMS-COM-01) [Debug] 1 [PackageName] WindowsEditor [ProjectName] Editor" joined multi-casting on [225.0.0.222:54997]...

Player connection [15132] Host "[IP] 172.30.70.147 [Port] 0 [Flags] 2 [Guid] 2080821305 [EditorId] 2080821305 [Version] 1048832 [Id] WindowsEditor(7,BMS-COM-01) [Debug] 1 [PackageName] WindowsEditor [ProjectName] Editor" joined alternative multi-casting on [225.0.0.222:34997]...

Refreshing native plugins compatible for Editor in 6.95 ms, found 2 plugins.
Preloading 0 native plugins for Editor in 0.00 ms.
Initialize engine version: 2022.2.21f1 (4907324dc95b)
[Subsystems] Discovering subsystems at path F:/unityfolder/2022.2.21f1/Editor/Data/Resources/UnitySubsystems
[Subsystems] Discovering subsystems at path C:/Users/typic/OneDrive/Documents/WN_M04_DV01/PlayFab/Assets
GfxDevice: creating device client; threaded=0; jobified=0
Direct3D:
    Version:  Direct3D 11.0 [level 11.1]
    Renderer: NVIDIA GeForce RTX 3060 (ID=0x2504)
    Vendor:   NVIDIA
    VRAM:     12115 MB
    Driver:   32.0.15.6094
Initialize mono
Mono path[0] = 'F:/unityfolder/2022.2.21f1/Editor/Data/Managed'
Mono path[1] = 'F:/unityfolder/2022.2.21f1/Editor/Data/MonoBleedingEdge/lib/mono/unityjit-win32'
Mono config path = 'F:/unityfolder/2022.2.21f1/Editor/Data/MonoBleedingEdge/etc'
Using monoOptions --debugger-agent=transport=dt_socket,embedding=1,server=y,suspend=n,address=127.0.0.1:56600
Begin MonoManager ReloadAssembly
Registering precompiled unity dll's ...
Register platform support module: F:/unityfolder/2022.2.21f1/Editor/Data/PlaybackEngines/WebGLSupport/UnityEditor.WebGL.Extensions.dll
Register platform support module: F:/unityfolder/2022.2.21f1/Editor/Data/PlaybackEngines/WindowsStandaloneSupport/UnityEditor.WindowsStandalone.Extensions.dll
Registered in 0.012983 seconds.
- Loaded All Assemblies, in  0.780 seconds
Native extension for WindowsStandalone target not found
Native extension for WebGL target not found
Mono: successfully reloaded assembly
- Finished resetting the current domain, in  0.561 seconds
Domain Reload Profiling:
	ReloadAssembly (449ms)
		BeginReloadAssembly (205ms)
			ExecutionOrderSort (0ms)
			DisableScriptedObjects (0ms)
			BackupInstance (0ms)
			ReleaseScriptingObjects (0ms)
			CreateAndSetChildDomain (1ms)
		LoadAllAssembliesAndSetupDomain (0ms)
			LoadAssemblies (204ms)
			RebuildTransferFunctionScriptingTraits (0ms)
			SetupTypeCache (323ms)
				TypeCache.Initialize (321ms)
					TypeCache.ScanAssembly (318ms)
				ResolveRequiredComponents (1ms)
		FinalizeReload (0ms)
			ReleaseScriptCaches (0ms)
			RebuildScriptCaches (0ms)
			SetupLoadedEditorAssemblies (433ms)
				LogAssemblyErrors (0ms)
				InitializePlatformSupportModulesInManaged (19ms)
				SetLoadedEditorAssemblies (11ms)
				RefreshPlugins (0ms)
				BeforeProcessingInitializeOnLoad (2ms)
				ProcessInitializeOnLoadAttributes (298ms)
				ProcessInitializeOnLoadMethodAttributes (102ms)
				AfterProcessingInitializeOnLoad (0ms)
				EditorAssembliesLoaded (0ms)
			ExecutionOrderSort2 (0ms)
			AwakeInstancesAfterBackupRestoration (0ms)
========================================================================
Worker process is ready to serve import requests
Begin MonoManager ReloadAssembly
- Loaded All Assemblies, in  1.335 seconds
Refreshing native plugins compatible for Editor in 4.77 ms, found 2 plugins.
Native extension for WindowsStandalone target not found
Native extension for WebGL target not found
Mono: successfully reloaded assembly
- Finished resetting the current domain, in  1.255 seconds
Domain Reload Profiling:
	ReloadAssembly (461ms)
		BeginReloadAssembly (277ms)
			ExecutionOrderSort (0ms)
			DisableScriptedObjects (12ms)
			BackupInstance (0ms)
			ReleaseScriptingObjects (0ms)
			CreateAndSetChildDomain (48ms)
		LoadAllAssembliesAndSetupDomain (873ms)
			LoadAssemblies (523ms)
			RebuildTransferFunctionScriptingTraits (0ms)
			SetupTypeCache (485ms)
				TypeCache.Initialize (464ms)
					TypeCache.ScanAssembly (454ms)
				ResolveRequiredComponents (3ms)
		FinalizeReload (0ms)
			ReleaseScriptCaches (0ms)
			RebuildScriptCaches (0ms)
			SetupLoadedEditorAssemblies (939ms)
				LogAssemblyErrors (0ms)
				InitializePlatformSupportModulesInManaged (12ms)
				SetLoadedEditorAssemblies (5ms)
				RefreshPlugins (0ms)
				BeforeProcessingInitializeOnLoad (91ms)
				ProcessInitializeOnLoadAttributes (787ms)
				ProcessInitializeOnLoadMethodAttributes (39ms)
				AfterProcessingInitializeOnLoad (4ms)
				EditorAssembliesLoaded (1ms)
			ExecutionOrderSort2 (0ms)
			AwakeInstancesAfterBackupRestoration (18ms)
Launched and connected shader compiler UnityShaderCompiler.exe after 0.12 seconds
Refreshing native plugins compatible for Editor in 3.51 ms, found 2 plugins.
Preloading 0 native plugins for Editor in 0.00 ms.
Unloading 1526 Unused Serialized files (Serialized files now loaded: 0)
Unloading 24 unused Assets / (53.2 KB). Loaded Objects now: 1999.
Memory consumption went from 76.6 MB to 76.5 MB.
Total: 6.971500 ms (FindLiveObjects: 0.566300 ms CreateObjectMapping: 0.277100 ms MarkObjects: 5.885700 ms  DeleteObjects: 0.238800 ms)

AssetImportParameters requested are different than current active one (requested -> active):
  custom:video-encoder-webm-vp8: eb34c28f22e8b96e1ab97ce403110664 -> 
  custom:video-decoder-webm-vp8: 9c59270c3fd7afecdb556c50c9e8de78 -> 
  custom:audio-decoder-ogg-vorbis: bf7c407c2cedff20999df2af8eb42d56 -> 
  custom:container-demuxer-ogg: 62fdf1f143b41e24485cea50d1cbac27 -> 
  custom:AudioImporter_EditorPlatform: d09bf68614088b80899f8185d706f6e7 -> 
  custom:container-demuxer-webm: 4f35f7cbe854078d1ac9338744f61a02 -> 
  custom:video-codec-MediaFoundation-h265: 746d11721c4dcdbdad8f713fa42b33f4 -> 
  custom:video-decoder-ogg-theora: a1e56fd34408186e4bbccfd4996cb3dc -> 
  custom:audio-encoder-webm-vorbis: bf7c407c2cedff20999df2af8eb42d56 -> 
  custom:framework-win-MediaFoundation: 216162199b28c13a410421893ffa2e32 -> 
  custom:container-muxer-webm: aa71ff27fc2769a1b78a27578f13a17b -> 
========================================================================
Received Import Request.
  Time since last request: 2986.837008 seconds.
  path: Assets/PlayFabSystem.prefab
  artifactKey: Guid(8e1d4017bae6cf14f97d63f87ec7657c) Importer(815301076,1909f56bfc062723c751e8b465ee728b)
Start importing Assets/PlayFabSystem.prefab using Guid(8e1d4017bae6cf14f97d63f87ec7657c) Importer(815301076,1909f56bfc062723c751e8b465ee728b)  -> (artifact id: '3ab5cc487139b1377c1a02f978285858') in 0.196609 seconds
Number of updated asset objects reloaded before import = 0
Number of asset objects unloaded after import = 77
========================================================================
Received Import Request.
  Time since last request: 95.096812 seconds.
  path: Assets/Scenes
  artifactKey: Guid(8101a8b23765248489dddee3e64c6fde) Importer(815301076,1909f56bfc062723c751e8b465ee728b)
Start importing Assets/Scenes using Guid(8101a8b23765248489dddee3e64c6fde) Importer(815301076,1909f56bfc062723c751e8b465ee728b)  -> (artifact id: '9a56abbf9228baf69f2da09e53b5cc0b') in 0.000699 seconds
Number of updated asset objects reloaded before import = 0
Number of asset objects unloaded after import = 0
========================================================================
Received Import Request.
  Time since last request: 6.470316 seconds.
  path: Assets/Scenes/SampleScene.unity
  artifactKey: Guid(9fc0d4010bbf28b4594072e72b8655ab) Importer(815301076,1909f56bfc062723c751e8b465ee728b)
Start importing Assets/Scenes/SampleScene.unity using Guid(9fc0d4010bbf28b4594072e72b8655ab) Importer(815301076,1909f56bfc062723c751e8b465ee728b)  -> (artifact id: '3e29ececfb9d9b90b1f820a8b17245eb') in 0.000751 seconds
Number of updated asset objects reloaded before import = 0
Number of asset objects unloaded after import = 0
========================================================================
Received Import Request.
  Time since last request: 537.045043 seconds.
  path: Assets/PlayFabEditorExtensions
  artifactKey: Guid(e6b6b62449f1f4ed1bdf033d7f2d2ccf) Importer(815301076,1909f56bfc062723c751e8b465ee728b)
Start importing Assets/PlayFabEditorExtensions using Guid(e6b6b62449f1f4ed1bdf033d7f2d2ccf) Importer(815301076,1909f56bfc062723c751e8b465ee728b)  -> (artifact id: '8e6428279252293d6b335f0f4b9a42be') in 0.000782 seconds
Number of updated asset objects reloaded before import = 0
Number of asset objects unloaded after import = 0
========================================================================
Received Import Request.
  Time since last request: 3.597618 seconds.
  path: Assets/PlayFabSdk/PlayFab.asmdef
  artifactKey: Guid(0da6d172d18a54e4389d0dce1e1ffdf2) Importer(815301076,1909f56bfc062723c751e8b465ee728b)
Start importing Assets/PlayFabSdk/PlayFab.asmdef using Guid(0da6d172d18a54e4389d0dce1e1ffdf2) Importer(815301076,1909f56bfc062723c751e8b465ee728b)  -> (artifact id: '7cfa4520398cae031dd098e6de04b4cb') in 0.000624 seconds
Number of updated asset objects reloaded before import = 0
Number of asset objects unloaded after import = 0
========================================================================
Received Import Request.
  Time since last request: 15.587845 seconds.
  path: Assets/PlayFabSdk/Shared
  artifactKey: Guid(7f23e4a650becd44fa8fccf00ba8529b) Importer(815301076,1909f56bfc062723c751e8b465ee728b)
Start importing Assets/PlayFabSdk/Shared using Guid(7f23e4a650becd44fa8fccf00ba8529b) Importer(815301076,1909f56bfc062723c751e8b465ee728b)  -> (artifact id: '4ce564f60e750f03d3afa17ff3c1202a') in 0.000545 seconds
Number of updated asset objects reloaded before import = 0
Number of asset objects unloaded after import = 0
========================================================================
Received Import Request.
  Time since last request: 4.724984 seconds.
  path: Assets/PlayFabSdk/Shared/Public
  artifactKey: Guid(85636a5aec9f04e91a75e422c19ff5da) Importer(815301076,1909f56bfc062723c751e8b465ee728b)
Start importing Assets/PlayFabSdk/Shared/Public using Guid(85636a5aec9f04e91a75e422c19ff5da) Importer(815301076,1909f56bfc062723c751e8b465ee728b)  -> (artifact id: '7c8b52fd435c1948859167c8d775c8f7') in 0.000615 seconds
Number of updated asset objects reloaded before import = 0
Number of asset objects unloaded after import = 0
========================================================================
Received Import Request.
  Time since last request: 2.578337 seconds.
  path: Assets/PlayFabSdk/Shared/Public/Resources
  artifactKey: Guid(c770a70afd8f88f40bb0f25e3b0dbb55) Importer(815301076,1909f56bfc062723c751e8b465ee728b)
Start importing Assets/PlayFabSdk/Shared/Public/Resources using Guid(c770a70afd8f88f40bb0f25e3b0dbb55) Importer(815301076,1909f56bfc062723c751e8b465ee728b)  -> (artifact id: 'd137087b621df98f45d1949397080e95') in 0.001033 seconds
Number of updated asset objects reloaded before import = 0
Number of asset objects unloaded after import = 0
========================================================================
Received Import Request.
  Time since last request: 0.082317 seconds.
  path: Assets/PlayFabSdk/Shared/Public/Resources/PlayFabSharedSettings.asset
  artifactKey: Guid(698b2db098268c640929a7b8090a31eb) Importer(815301076,1909f56bfc062723c751e8b465ee728b)
Start importing Assets/PlayFabSdk/Shared/Public/Resources/PlayFabSharedSettings.asset using Guid(698b2db098268c640929a7b8090a31eb) Importer(815301076,1909f56bfc062723c751e8b465ee728b)  -> (artifact id: '612c7569dc974d8ba9933cbc46840559') in 0.002424 seconds
Number of updated asset objects reloaded before import = 0
Number of asset objects unloaded after import = 1
========================================================================
Received Import Request.
  Time since last request: 23.706613 seconds.
  path: Assets/PlayFabSdk/Shared/Public/Resources/PlayFabSharedSettings.asset
  artifactKey: Guid(698b2db098268c640929a7b8090a31eb) Importer(815301076,1909f56bfc062723c751e8b465ee728b)
Start importing Assets/PlayFabSdk/Shared/Public/Resources/PlayFabSharedSettings.asset using Guid(698b2db098268c640929a7b8090a31eb) Importer(815301076,1909f56bfc062723c751e8b465ee728b)  -> (artifact id: '6b2809063aa3def10cb15e6f0bf81b3b') in 0.001561 seconds
Number of updated asset objects reloaded before import = 0
Number of asset objects unloaded after import = 1
========================================================================
Received Prepare
Refreshing native plugins compatible for Editor in 3.66 ms, found 2 plugins.
Preloading 0 native plugins for Editor in 0.00 ms.
Unloading 22 Unused Serialized files (Serialized files now loaded: 0)
Unloading 1 unused Assets / (22.7 KB). Loaded Objects now: 2022.
Memory consumption went from 50.2 MB to 50.2 MB.
Total: 5.417900 ms (FindLiveObjects: 0.207400 ms CreateObjectMapping: 0.096300 ms MarkObjects: 5.084700 ms  DeleteObjects: 0.027800 ms)

Prepare: number of updated asset objects reloaded= 0
AssetImportParameters requested are different than current active one (requested -> active):
  custom:video-encoder-webm-vp8: eb34c28f22e8b96e1ab97ce403110664 -> 
  custom:video-decoder-webm-vp8: 9c59270c3fd7afecdb556c50c9e8de78 -> 
  custom:audio-decoder-ogg-vorbis: bf7c407c2cedff20999df2af8eb42d56 -> 
  custom:container-demuxer-ogg: 62fdf1f143b41e24485cea50d1cbac27 -> 
  custom:AudioImporter_EditorPlatform: d09bf68614088b80899f8185d706f6e7 -> 
  custom:container-demuxer-webm: 4f35f7cbe854078d1ac9338744f61a02 -> 
  custom:video-codec-MediaFoundation-h265: 746d11721c4dcdbdad8f713fa42b33f4 -> 
  custom:video-decoder-ogg-theora: a1e56fd34408186e4bbccfd4996cb3dc -> 
  custom:audio-encoder-webm-vorbis: bf7c407c2cedff20999df2af8eb42d56 -> 
  custom:framework-win-MediaFoundation: 216162199b28c13a410421893ffa2e32 -> 
  custom:container-muxer-webm: aa71ff27fc2769a1b78a27578f13a17b -> 
========================================================================
Received Prepare
Refreshing native plugins compatible for Editor in 2.07 ms, found 2 plugins.
Preloading 0 native plugins for Editor in 0.00 ms.
Unloading 1 Unused Serialized files (Serialized files now loaded: 0)
Unloading 1 unused Assets / (3.0 KB). Loaded Objects now: 2022.
Memory consumption went from 50.1 MB to 50.1 MB.
Total: 4.340900 ms (FindLiveObjects: 0.172800 ms CreateObjectMapping: 0.148000 ms MarkObjects: 3.962800 ms  DeleteObjects: 0.056500 ms)

Prepare: number of updated asset objects reloaded= 0
AssetImportParameters requested are different than current active one (requested -> active):
  custom:video-encoder-webm-vp8: eb34c28f22e8b96e1ab97ce403110664 -> 
  custom:video-decoder-webm-vp8: 9c59270c3fd7afecdb556c50c9e8de78 -> 
  custom:audio-decoder-ogg-vorbis: bf7c407c2cedff20999df2af8eb42d56 -> 
  custom:container-demuxer-ogg: 62fdf1f143b41e24485cea50d1cbac27 -> 
  custom:AudioImporter_EditorPlatform: d09bf68614088b80899f8185d706f6e7 -> 
  custom:container-demuxer-webm: 4f35f7cbe854078d1ac9338744f61a02 -> 
  custom:video-codec-MediaFoundation-h265: 746d11721c4dcdbdad8f713fa42b33f4 -> 
  custom:video-decoder-ogg-theora: a1e56fd34408186e4bbccfd4996cb3dc -> 
  custom:audio-encoder-webm-vorbis: bf7c407c2cedff20999df2af8eb42d56 -> 
  custom:framework-win-MediaFoundation: 216162199b28c13a410421893ffa2e32 -> 
  custom:container-muxer-webm: aa71ff27fc2769a1b78a27578f13a17b -> 
========================================================================
Received Import Request.
  Time since last request: 30.337146 seconds.
  path: Assets/PlayFabSystem.prefab
  artifactKey: Guid(8e1d4017bae6cf14f97d63f87ec7657c) Importer(2089858483,0ecaa5967403d082aa24f35e1b516d23)
Start importing Assets/PlayFabSystem.prefab using Guid(8e1d4017bae6cf14f97d63f87ec7657c) Importer(2089858483,0ecaa5967403d082aa24f35e1b516d23) Generated GUIDs only implemented for interfaces!
 -> (artifact id: '6312e45b1d7aa5f2324b9fe8fdf975cd') in 2.101453 seconds
Number of updated asset objects reloaded before import = 0
Number of asset objects unloaded after import = 77
========================================================================
Received Import Request.
  Time since last request: 0.003037 seconds.
  path: Assets/PlayFabSdk/CloudScript/PlayFabCloudScriptModels.cs
  artifactKey: Guid(e51e70743e2edab4f88b8de52466db7d) Importer(2089858483,0ecaa5967403d082aa24f35e1b516d23)
Start importing Assets/PlayFabSdk/CloudScript/PlayFabCloudScriptModels.cs using Guid(e51e70743e2edab4f88b8de52466db7d) Importer(2089858483,0ecaa5967403d082aa24f35e1b516d23) Generated GUIDs only implemented for interfaces!
 -> (artifact id: '2d27204a1c304f74766d93fa72b60679') in 0.036646 seconds
Number of updated asset objects reloaded before import = 0
Number of asset objects unloaded after import = 1
========================================================================
Received Import Request.
  Time since last request: 0.003501 seconds.
  path: Assets/PlayFabSdk/Shared/Internal/PlayFabErrors.cs
  artifactKey: Guid(ed146f2193bb8ef49ad1200eefdab503) Importer(2089858483,0ecaa5967403d082aa24f35e1b516d23)
Start importing Assets/PlayFabSdk/Shared/Internal/PlayFabErrors.cs using Guid(ed146f2193bb8ef49ad1200eefdab503) Importer(2089858483,0ecaa5967403d082aa24f35e1b516d23) Generated GUIDs only implemented for interfaces!
 -> (artifact id: '0d118799321a91647c7d2c174cd5c674') in 0.031531 seconds
Number of updated asset objects reloaded before import = 0
Number of asset objects unloaded after import = 1
========================================================================
Received Import Request.
  Time since last request: 0.001475 seconds.
  path: Assets/TextMesh Pro/Sprites/EmojiOne.json
  artifactKey: Guid(8f05276190cf498a8153f6cbe761d4e6) Importer(2089858483,0ecaa5967403d082aa24f35e1b516d23)
Start importing Assets/TextMesh Pro/Sprites/EmojiOne.json using Guid(8f05276190cf498a8153f6cbe761d4e6) Importer(2089858483,0ecaa5967403d082aa24f35e1b516d23) Generated GUIDs only implemented for interfaces!
 -> (artifact id: 'ca4392ebd5ddaecc6af9631300c40ea8') in 0.065866 seconds
Number of updated asset objects reloaded before import = 0
Number of asset objects unloaded after import = 1
========================================================================
Received Import Request.
  Time since last request: 0.000030 seconds.
  path: Assets/PlayFabSdk/Shared/Ionic.Zlib/ParallelDeflateOutputStream.cs
  artifactKey: Guid(8c72138acdb9b6541b0e8695a08c4b5b) Importer(2089858483,0ecaa5967403d082aa24f35e1b516d23)
Start importing Assets/PlayFabSdk/Shared/Ionic.Zlib/ParallelDeflateOutputStream.cs using Guid(8c72138acdb9b6541b0e8695a08c4b5b) Importer(2089858483,0ecaa5967403d082aa24f35e1b516d23) Generated GUIDs only implemented for interfaces!
 -> (artifact id: '8bbd7de22aaf1b25d6973c27f547cfa5') in 0.030928 seconds
Number of updated asset objects reloaded before import = 0
Number of asset objects unloaded after import = 1
========================================================================
Received Import Request.
  Time since last request: 0.000475 seconds.
  path: Assets/PlayFabSdk/Groups/PlayFabGroupsInstanceAPI.cs
  artifactKey: Guid(e14b336d534f60f4e911c8db52e74a86) Importer(2089858483,0ecaa5967403d082aa24f35e1b516d23)
Start importing Assets/PlayFabSdk/Groups/PlayFabGroupsInstanceAPI.cs using Guid(e14b336d534f60f4e911c8db52e74a86) Importer(2089858483,0ecaa5967403d082aa24f35e1b516d23) Generated GUIDs only implemented for interfaces!
 -> (artifact id: '4be72528cb6740eb83ee28659e7c0dbc') in 0.028712 seconds
Number of updated asset objects reloaded before import = 0
Number of asset objects unloaded after import = 1
========================================================================
Received Import Request.
  Time since last request: 0.000037 seconds.
  path: Assets/PlayFabSdk/Client/PlayFabClientInstanceAPI.cs
  artifactKey: Guid(ddd185cc4cdc40643a08607da563ddc4) Importer(2089858483,0ecaa5967403d082aa24f35e1b516d23)
Start importing Assets/PlayFabSdk/Client/PlayFabClientInstanceAPI.cs using Guid(ddd185cc4cdc40643a08607da563ddc4) Importer(2089858483,0ecaa5967403d082aa24f35e1b516d23) Generated GUIDs only implemented for interfaces!
 -> (artifact id: '1dac1820efa7be17e82fa24c7f261967') in 0.038215 seconds
Number of updated asset objects reloaded before import = 0
Number of asset objects unloaded after import = 1
========================================================================
Received Import Request.
  Time since last request: 0.000084 seconds.
  path: Assets/PlayFabSdk/Server/PlayFabEvents.cs
  artifactKey: Guid(0d5076be1f923f141a2a5ea2a53a1385) Importer(2089858483,0ecaa5967403d082aa24f35e1b516d23)
Start importing Assets/PlayFabSdk/Server/PlayFabEvents.cs using Guid(0d5076be1f923f141a2a5ea2a53a1385) Importer(2089858483,0ecaa5967403d082aa24f35e1b516d23) Generated GUIDs only implemented for interfaces!
 -> (artifact id: 'bb45a169e4da03ba8319cb2b78240e84') in 0.058858 seconds
Number of updated asset objects reloaded before import = 0
Number of asset objects unloaded after import = 1
========================================================================
Received Import Request.
  Time since last request: 0.000074 seconds.
  path: Assets/PlayFabSdk/Profiles/PlayFabProfilesInstanceAPI.cs
  artifactKey: Guid(ef2cfc8d3e49a7e479e1fe8c2cf18478) Importer(2089858483,0ecaa5967403d082aa24f35e1b516d23)
Start importing Assets/PlayFabSdk/Profiles/PlayFabProfilesInstanceAPI.cs using Guid(ef2cfc8d3e49a7e479e1fe8c2cf18478) Importer(2089858483,0ecaa5967403d082aa24f35e1b516d23) Generated GUIDs only implemented for interfaces!
 -> (artifact id: '527bbacb3292c9854b9992506a1a07c1') in 0.085837 seconds
Number of updated asset objects reloaded before import = 0
Number of asset objects unloaded after import = 1
========================================================================
Received Import Request.
  Time since last request: 0.003951 seconds.
  path: Assets/PlayFabSdk/Shared/Editor/PlayFabHelp.cs
  artifactKey: Guid(e51e733dabbc847fa839b19c01bc577c) Importer(2089858483,0ecaa5967403d082aa24f35e1b516d23)
Start importing Assets/PlayFabSdk/Shared/Editor/PlayFabHelp.cs using Guid(e51e733dabbc847fa839b19c01bc577c) Importer(2089858483,0ecaa5967403d082aa24f35e1b516d23) Generated GUIDs only implemented for interfaces!
 -> (artifact id: '800f5457db99c12b2eea7890e24aa22e') in 0.077197 seconds
Number of updated asset objects reloaded before import = 0
Number of asset objects unloaded after import = 1
========================================================================
Received Import Request.
  Time since last request: 0.000025 seconds.
  path: Assets/PlayFabSdk/Authentication/PlayFabEvents.cs
  artifactKey: Guid(5c3701fef92515c438633c5d41bf87c8) Importer(2089858483,0ecaa5967403d082aa24f35e1b516d23)
Start importing Assets/PlayFabSdk/Authentication/PlayFabEvents.cs using Guid(5c3701fef92515c438633c5d41bf87c8) Importer(2089858483,0ecaa5967403d082aa24f35e1b516d23) Generated GUIDs only implemented for interfaces!
 -> (artifact id: '40b10eb5515a45b03662b49ae143756a') in 0.046253 seconds
Number of updated asset objects reloaded before import = 0
Number of asset objects unloaded after import = 1
========================================================================
Received Import Request.
  Time since last request: 0.000619 seconds.
  path: Assets/PlayFabSdk/Authentication/PlayFabAuthenticationInstanceAPI.cs
  artifactKey: Guid(ecff04cca276a454aad3baf64c4a2ab4) Importer(2089858483,0ecaa5967403d082aa24f35e1b516d23)
Start importing Assets/PlayFabSdk/Authentication/PlayFabAuthenticationInstanceAPI.cs using Guid(ecff04cca276a454aad3baf64c4a2ab4) Importer(2089858483,0ecaa5967403d082aa24f35e1b516d23) Generated GUIDs only implemented for interfaces!
 -> (artifact id: '9696ee1cfde307504cf21b0f89c12c96') in 0.060740 seconds
Number of updated asset objects reloaded before import = 0
Number of asset objects unloaded after import = 1
========================================================================
Received Import Request.
  Time since last request: 0.002275 seconds.
  path: Assets/PlayFabSdk/CloudScript/PlayFabCloudScriptAPI.cs
  artifactKey: Guid(e9b8ec61c6ab7d2438b7b65a4dd9ef59) Importer(2089858483,0ecaa5967403d082aa24f35e1b516d23)
Start importing Assets/PlayFabSdk/CloudScript/PlayFabCloudScriptAPI.cs using Guid(e9b8ec61c6ab7d2438b7b65a4dd9ef59) Importer(2089858483,0ecaa5967403d082aa24f35e1b516d23) Generated GUIDs only implemented for interfaces!
 -> (artifact id: '0cb0cf0232d7329c963cbcca3356e162') in 0.070834 seconds
Number of updated asset objects reloaded before import = 0
Number of asset objects unloaded after import = 1
========================================================================
Received Import Request.
  Time since last request: 0.000031 seconds.
  path: Assets/PlayFabSdk/Shared/Editor/MakeSharedSettingsObj.cs
  artifactKey: Guid(3e92542860dab28489c3d9cc0baa1ebd) Importer(2089858483,0ecaa5967403d082aa24f35e1b516d23)
Start importing Assets/PlayFabSdk/Shared/Editor/MakeSharedSettingsObj.cs using Guid(3e92542860dab28489c3d9cc0baa1ebd) Importer(2089858483,0ecaa5967403d082aa24f35e1b516d23) Generated GUIDs only implemented for interfaces!
 -> (artifact id: 'ad869f3467dd2ab0f0be956ac88b1684') in 0.034169 seconds
Number of updated asset objects reloaded before import = 0
Number of asset objects unloaded after import = 1
========================================================================
Received Import Request.
  Time since last request: 0.000537 seconds.
  path: Assets/PlayFabSdk/Shared/Ionic.Zlib/ZlibStream.cs
  artifactKey: Guid(50243a2c2dd97ca4eb70551e2b9da7b2) Importer(2089858483,0ecaa5967403d082aa24f35e1b516d23)
Start importing Assets/PlayFabSdk/Shared/Ionic.Zlib/ZlibStream.cs using Guid(50243a2c2dd97ca4eb70551e2b9da7b2) Importer(2089858483,0ecaa5967403d082aa24f35e1b516d23) Generated GUIDs only implemented for interfaces!
 -> (artifact id: '7dc969eeefa6abc0f0b29568728b7453') in 0.025545 seconds
Number of updated asset objects reloaded before import = 0
Number of asset objects unloaded after import = 1
========================================================================
Received Import Request.
  Time since last request: 0.000034 seconds.
  path: Assets/PlayFabSdk/Shared/Ionic.Zlib/GZipStream.cs
  artifactKey: Guid(1d218a1ed7f6a614cb68a4a0c093dfbe) Importer(2089858483,0ecaa5967403d082aa24f35e1b516d23)
Start importing Assets/PlayFabSdk/Shared/Ionic.Zlib/GZipStream.cs using Guid(1d218a1ed7f6a614cb68a4a0c093dfbe) Importer(2089858483,0ecaa5967403d082aa24f35e1b516d23) Generated GUIDs only implemented for interfaces!
 -> (artifact id: 'd7445527b932abb2d739ea29d1944be2') in 0.061636 seconds
Number of updated asset objects reloaded before import = 0
Number of asset objects unloaded after import = 1
========================================================================
Received Import Request.
  Time since last request: 0.000046 seconds.
  path: Assets/PlayFabEditorExtensions/Editor/Resources/PlayFabEditorPrefsSO.asset
  artifactKey: Guid(1f208733cfe8d634b8dd9ddde41b71f5) Importer(2089858483,0ecaa5967403d082aa24f35e1b516d23)
Start importing Assets/PlayFabEditorExtensions/Editor/Resources/PlayFabEditorPrefsSO.asset using Guid(1f208733cfe8d634b8dd9ddde41b71f5) Importer(2089858483,0ecaa5967403d082aa24f35e1b516d23) Generated GUIDs only implemented for interfaces!
 -> (artifact id: 'c577814c35badef6c3ca40d2ba2a3c9e') in 0.056228 seconds
Number of updated asset objects reloaded before import = 0
Number of asset objects unloaded after import = 1
========================================================================
Received Import Request.
  Time since last request: 0.000035 seconds.
  path: Assets/PlayFabSdk/Profiles/PlayFabProfilesModels.cs
  artifactKey: Guid(d7cf1e15acb646e4eaf8ef5d951b1477) Importer(2089858483,0ecaa5967403d082aa24f35e1b516d23)
Start importing Assets/PlayFabSdk/Profiles/PlayFabProfilesModels.cs using Guid(d7cf1e15acb646e4eaf8ef5d951b1477) Importer(2089858483,0ecaa5967403d082aa24f35e1b516d23) Generated GUIDs only implemented for interfaces!
 -> (artifact id: 'eb6ed2d3fa234af9be16b8f5748aecdc') in 0.033321 seconds
Number of updated asset objects reloaded before import = 0
Number of asset objects unloaded after import = 1
========================================================================
Received Import Request.
  Time since last request: 0.002985 seconds.
  path: Assets/PlayFabSdk/Entity/ScreenTimeTracker.cs
  artifactKey: Guid(bb87bdc3f40216e419c8f1b76c4517d6) Importer(2089858483,0ecaa5967403d082aa24f35e1b516d23)
Start importing Assets/PlayFabSdk/Entity/ScreenTimeTracker.cs using Guid(bb87bdc3f40216e419c8f1b76c4517d6) Importer(2089858483,0ecaa5967403d082aa24f35e1b516d23) Generated GUIDs only implemented for interfaces!
 -> (artifact id: '58739944de2e32547c37fc4a73ac35e5') in 0.057572 seconds
Number of updated asset objects reloaded before import = 0
Number of asset objects unloaded after import = 1
========================================================================
Received Import Request.
  Time since last request: 0.000431 seconds.
  path: Assets/PlayFabSdk/Economy/PlayFabEconomyModels.cs
  artifactKey: Guid(9e420d6be63cf50498180c2df1199abc) Importer(2089858483,0ecaa5967403d082aa24f35e1b516d23)
Start importing Assets/PlayFabSdk/Economy/PlayFabEconomyModels.cs using Guid(9e420d6be63cf50498180c2df1199abc) Importer(2089858483,0ecaa5967403d082aa24f35e1b516d23) Generated GUIDs only implemented for interfaces!
 -> (artifact id: '078c0061ba83d6a6fa5df691cddfbee8') in 0.027176 seconds
Number of updated asset objects reloaded before import = 0
Number of asset objects unloaded after import = 1
========================================================================
Received Import Request.
  Time since last request: 0.000056 seconds.
  path: Assets/PlayFabSdk/Shared/Models/PlayFabSharedSettings.cs
  artifactKey: Guid(093286084a3d1994a9c28281a1c38b1d) Importer(2089858483,0ecaa5967403d082aa24f35e1b516d23)
Start importing Assets/PlayFabSdk/Shared/Models/PlayFabSharedSettings.cs using Guid(093286084a3d1994a9c28281a1c38b1d) Importer(2089858483,0ecaa5967403d082aa24f35e1b516d23) Generated GUIDs only implemented for interfaces!
 -> (artifact id: '4837fde3235afffc4c6940e28ff9b133') in 0.037251 seconds
Number of updated asset objects reloaded before import = 0
Number of asset objects unloaded after import = 1
========================================================================
Received Import Request.
  Time since last request: 0.000522 seconds.
  path: Assets/PlayFabSdk/Profiles/PlayFabProfilesAPI.cs
  artifactKey: Guid(04039b10ae9eebd46a8c4a5b401ea567) Importer(2089858483,0ecaa5967403d082aa24f35e1b516d23)
Start importing Assets/PlayFabSdk/Profiles/PlayFabProfilesAPI.cs using Guid(04039b10ae9eebd46a8c4a5b401ea567) Importer(2089858483,0ecaa5967403d082aa24f35e1b516d23) Generated GUIDs only implemented for interfaces!
 -> (artifact id: 'e6970ff7eb128722d8e39f583124a798') in 0.029958 seconds
Number of updated asset objects reloaded before import = 0
Number of asset objects unloaded after import = 1
========================================================================
Received Import Request.
  Time since last request: 0.000024 seconds.
  path: Assets/PlayFabSdk/Localization/PlayFabEvents.cs
  artifactKey: Guid(1c3bd18b65a5d8d4eb83e5ef98114e4d) Importer(2089858483,0ecaa5967403d082aa24f35e1b516d23)
Start importing Assets/PlayFabSdk/Localization/PlayFabEvents.cs using Guid(1c3bd18b65a5d8d4eb83e5ef98114e4d) Importer(2089858483,0ecaa5967403d082aa24f35e1b516d23) Generated GUIDs only implemented for interfaces!
 -> (artifact id: '570b1fe1946a4727a4cbd1b11edb8d21') in 0.024042 seconds
Number of updated asset objects reloaded before import = 0
Number of asset objects unloaded after import = 1
========================================================================
Received Import Request.
  Time since last request: 0.000433 seconds.
  path: Assets/PlayFabSdk/Server/PlayFabServerInstanceAPI.cs
  artifactKey: Guid(76d4a622fa263d34b9f73488c0095f8b) Importer(2089858483,0ecaa5967403d082aa24f35e1b516d23)
Start importing Assets/PlayFabSdk/Server/PlayFabServerInstanceAPI.cs using Guid(76d4a622fa263d34b9f73488c0095f8b) Importer(2089858483,0ecaa5967403d082aa24f35e1b516d23) Generated GUIDs only implemented for interfaces!
 -> (artifact id: '282b738425944910ba90c722639ab475') in 0.018778 seconds
Number of updated asset objects reloaded before import = 0
Number of asset objects unloaded after import = 1
========================================================================
Received Import Request.
  Time since last request: 0.000019 seconds.
  path: Assets/PlayFabSdk/Economy/PlayFabEconomyAPI.cs
  artifactKey: Guid(56036e5215ab72544b38afa65f5684e0) Importer(2089858483,0ecaa5967403d082aa24f35e1b516d23)
Start importing Assets/PlayFabSdk/Economy/PlayFabEconomyAPI.cs using Guid(56036e5215ab72544b38afa65f5684e0) Importer(2089858483,0ecaa5967403d082aa24f35e1b516d23) Generated GUIDs only implemented for interfaces!
 -> (artifact id: '640bedb40acf6d369fedd5f46b5ba263') in 0.027304 seconds
Number of updated asset objects reloaded before import = 0
Number of asset objects unloaded after import = 1
========================================================================
Received Import Request.
  Time since last request: 0.000025 seconds.
  path: Assets/PlayFabSdk/Economy/PlayFabEconomyInstanceAPI.cs
  artifactKey: Guid(57229903c0965c74b90bc2ef8ccbc31c) Importer(2089858483,0ecaa5967403d082aa24f35e1b516d23)
Start importing Assets/PlayFabSdk/Economy/PlayFabEconomyInstanceAPI.cs using Guid(57229903c0965c74b90bc2ef8ccbc31c) Importer(2089858483,0ecaa5967403d082aa24f35e1b516d23) Generated GUIDs only implemented for interfaces!
 -> (artifact id: 'e431613e8b05efe510e8a494c9125355') in 0.019966 seconds
Number of updated asset objects reloaded before import = 0
Number of asset objects unloaded after import = 1
========================================================================
Received Import Request.
  Time since last request: 0.000038 seconds.
  path: Assets/TextMesh Pro/Documentation/TextMesh Pro User Guide 2016.pdf
  artifactKey: Guid(1b8d251f9af63b746bf2f7ffe00ebb9b) Importer(2089858483,0ecaa5967403d082aa24f35e1b516d23)
Start importing Assets/TextMesh Pro/Documentation/TextMesh Pro User Guide 2016.pdf using Guid(1b8d251f9af63b746bf2f7ffe00ebb9b) Importer(2089858483,0ecaa5967403d082aa24f35e1b516d23) Generated GUIDs only implemented for interfaces!
 -> (artifact id: '7c44477ae2b3f5d04b29beb369ad80fd') in 0.018201 seconds
Number of updated asset objects reloaded before import = 0
Number of asset objects unloaded after import = 1
========================================================================
Received Import Request.
  Time since last request: 0.000050 seconds.
  path: Assets/TextMesh Pro/Resources/Fonts & Materials/LiberationSans SDF - Drop Shadow.mat
  artifactKey: Guid(e73a58f6e2794ae7b1b7e50b7fb811b0) Importer(2089858483,0ecaa5967403d082aa24f35e1b516d23)
Start importing Assets/TextMesh Pro/Resources/Fonts & Materials/LiberationSans SDF - Drop Shadow.mat using Guid(e73a58f6e2794ae7b1b7e50b7fb811b0) Importer(2089858483,0ecaa5967403d082aa24f35e1b516d23) Generated GUIDs only implemented for interfaces!
 -> (artifact id: '35efa85af9bba9f0877e4ce162d83f91') in 0.083006 seconds
Number of updated asset objects reloaded before import = 0
Number of asset objects unloaded after import = 2
========================================================================
Received Import Request.
  Time since last request: 0.000027 seconds.
  path: Assets/PlayFabSdk/Shared/Public/PlayFabLogger.cs
  artifactKey: Guid(65702fe1cdebb8e4783afb157a614161) Importer(2089858483,0ecaa5967403d082aa24f35e1b516d23)
Start importing Assets/PlayFabSdk/Shared/Public/PlayFabLogger.cs using Guid(65702fe1cdebb8e4783afb157a614161) Importer(2089858483,0ecaa5967403d082aa24f35e1b516d23) Generated GUIDs only implemented for interfaces!
 -> (artifact id: '6e8618b03c7765308bee4319bb2c4b46') in 0.019503 seconds
Number of updated asset objects reloaded before import = 0
Number of asset objects unloaded after import = 1
========================================================================
Received Import Request.
  Time since last request: 0.000033 seconds.
  path: Assets/TextMesh Pro/Resources/Shaders/TMPro.cginc
  artifactKey: Guid(407bc68d299748449bbf7f48ee690f8d) Importer(2089858483,0ecaa5967403d082aa24f35e1b516d23)
Start importing Assets/TextMesh Pro/Resources/Shaders/TMPro.cginc using Guid(407bc68d299748449bbf7f48ee690f8d) Importer(2089858483,0ecaa5967403d082aa24f35e1b516d23) Generated GUIDs only implemented for interfaces!
 -> (artifact id: '8de3baebec96124e491d364616496932') in 0.020253 seconds
Number of updated asset objects reloaded before import = 0
Number of asset objects unloaded after import = 1
========================================================================
Received Import Request.
  Time since last request: 0.000245 seconds.
  path: Assets/TextMesh Pro/Resources/Shaders/TMP_SDF-Mobile Overlay.shader
  artifactKey: Guid(a02a7d8c237544f1962732b55a9aebf1) Importer(2089858483,0ecaa5967403d082aa24f35e1b516d23)
Start importing Assets/TextMesh Pro/Resources/Shaders/TMP_SDF-Mobile Overlay.shader using Guid(a02a7d8c237544f1962732b55a9aebf1) Importer(2089858483,0ecaa5967403d082aa24f35e1b516d23) Generated GUIDs only implemented for interfaces!
 -> (artifact id: 'e760ebb028128bbaa451f8c6e4bd79ba') in 0.031195 seconds
Number of updated asset objects reloaded before import = 0
Number of asset objects unloaded after import = 1
========================================================================
Received Import Request.
  Time since last request: 0.000030 seconds.
  path: Assets/PlayFabSdk/Shared/Public/PlayFabEvents.cs
  artifactKey: Guid(059603d7e53649849b7f08d3b99af79c) Importer(2089858483,0ecaa5967403d082aa24f35e1b516d23)
Start importing Assets/PlayFabSdk/Shared/Public/PlayFabEvents.cs using Guid(059603d7e53649849b7f08d3b99af79c) Importer(2089858483,0ecaa5967403d082aa24f35e1b516d23) Generated GUIDs only implemented for interfaces!
 -> (artifact id: '7d6ac1c5da906b5a33648a3a722ce931') in 0.018882 seconds
Number of updated asset objects reloaded before import = 0
Number of asset objects unloaded after import = 1
========================================================================
Received Import Request.
  Time since last request: 0.000033 seconds.
  path: Assets/TextMesh Pro/Resources/Shaders/TMP_Bitmap-Custom-Atlas.shader
  artifactKey: Guid(48bb5f55d8670e349b6e614913f9d910) Importer(2089858483,0ecaa5967403d082aa24f35e1b516d23)
Start importing Assets/TextMesh Pro/Resources/Shaders/TMP_Bitmap-Custom-Atlas.shader using Guid(48bb5f55d8670e349b6e614913f9d910) Importer(2089858483,0ecaa5967403d082aa24f35e1b516d23) Generated GUIDs only implemented for interfaces!
 -> (artifact id: '6a10b7525f93aa51aa81e8a4c592beca') in 0.022383 seconds
Number of updated asset objects reloaded before import = 0
Number of asset objects unloaded after import = 1
========================================================================
Received Import Request.
  Time since last request: 0.000583 seconds.
  path: Assets/PlayFabSdk/Admin/PlayFabAdminInstanceAPI.cs
  artifactKey: Guid(942c3c5d808dfed49b4c4369cc282d49) Importer(2089858483,0ecaa5967403d082aa24f35e1b516d23)
Start importing Assets/PlayFabSdk/Admin/PlayFabAdminInstanceAPI.cs using Guid(942c3c5d808dfed49b4c4369cc282d49) Importer(2089858483,0ecaa5967403d082aa24f35e1b516d23) Generated GUIDs only implemented for interfaces!
 -> (artifact id: 'be2c0533a95303fe276ba8f4d418b4fc') in 0.017564 seconds
Number of updated asset objects reloaded before import = 0
Number of asset objects unloaded after import = 1
========================================================================
Received Import Request.
  Time since last request: 0.000028 seconds.
  path: Assets/PlayFabSdk/Server/PlayFabServerAPI.cs
  artifactKey: Guid(d1e12172e1632754fa9cf42f58d7bc9e) Importer(2089858483,0ecaa5967403d082aa24f35e1b516d23)
Start importing Assets/PlayFabSdk/Server/PlayFabServerAPI.cs using Guid(d1e12172e1632754fa9cf42f58d7bc9e) Importer(2089858483,0ecaa5967403d082aa24f35e1b516d23) Generated GUIDs only implemented for interfaces!
 -> (artifact id: '87bfdf069d9b207101c4c11c666220f1') in 0.020094 seconds
Number of updated asset objects reloaded before import = 0
Number of asset objects unloaded after import = 1
========================================================================
Received Import Request.
  Time since last request: 0.000035 seconds.
  path: Assets/PlayFabSdk/Shared/Internal/wsaReflectionExtensions.cs
  artifactKey: Guid(1b20d57e2279b3a408268b20c2be2208) Importer(2089858483,0ecaa5967403d082aa24f35e1b516d23)
Start importing Assets/PlayFabSdk/Shared/Internal/wsaReflectionExtensions.cs using Guid(1b20d57e2279b3a408268b20c2be2208) Importer(2089858483,0ecaa5967403d082aa24f35e1b516d23) Generated GUIDs only implemented for interfaces!
 -> (artifact id: '165bf69b11e2d0f56f68e8561afd53f7') in 0.028154 seconds
Number of updated asset objects reloaded before import = 0
Number of asset objects unloaded after import = 1
========================================================================
Received Import Request.
  Time since last request: 0.000082 seconds.
  path: Assets/PlayFabSdk/Matchmaker/PlayFabMatchmakerModels.cs
  artifactKey: Guid(c7c60a1006c1e64499804ca82b2412ed) Importer(2089858483,0ecaa5967403d082aa24f35e1b516d23)
Start importing Assets/PlayFabSdk/Matchmaker/PlayFabMatchmakerModels.cs using Guid(c7c60a1006c1e64499804ca82b2412ed) Importer(2089858483,0ecaa5967403d082aa24f35e1b516d23) Generated GUIDs only implemented for interfaces!
 -> (artifact id: 'faf06d59ca89273db05d2fd1ce532415') in 0.022539 seconds
Number of updated asset objects reloaded before import = 0
Number of asset objects unloaded after import = 1
========================================================================
Received Import Request.
  Time since last request: 0.000065 seconds.
  path: Assets/TextMesh Pro/Resources/Shaders/TMP_Sprite.shader
  artifactKey: Guid(cf81c85f95fe47e1a27f6ae460cf182c) Importer(2089858483,0ecaa5967403d082aa24f35e1b516d23)
Start importing Assets/TextMesh Pro/Resources/Shaders/TMP_Sprite.shader using Guid(cf81c85f95fe47e1a27f6ae460cf182c) Importer(2089858483,0ecaa5967403d082aa24f35e1b516d23) Generated GUIDs only implemented for interfaces!
 -> (artifact id: '86ca13289cb1d0a4fce6fc0092c34306') in 0.023272 seconds
Number of updated asset objects reloaded before import = 0
Number of asset objects unloaded after import = 1
========================================================================
Received Import Request.
  Time since last request: 0.000034 seconds.
  path: Assets/PlayFabSdk/Matchmaker/PlayFabMatchmakerAPI.cs
  artifactKey: Guid(c712eeedbc85dfa4c80d30f8a2ed6cd9) Importer(2089858483,0ecaa5967403d082aa24f35e1b516d23)
Start importing Assets/PlayFabSdk/Matchmaker/PlayFabMatchmakerAPI.cs using Guid(c712eeedbc85dfa4c80d30f8a2ed6cd9) Importer(2089858483,0ecaa5967403d082aa24f35e1b516d23) Generated GUIDs only implemented for interfaces!
 -> (artifact id: '929e5089173860e60a53a67a1eed8d39') in 0.017042 seconds
Number of updated asset objects reloaded before import = 0
Number of asset objects unloaded after import = 1
========================================================================
Received Import Request.
  Time since last request: 0.000241 seconds.
  path: Assets/PlayFabSdk/Events/PlayFabEventsModels.cs
  artifactKey: Guid(9ee524faa41ee444ca207259e58e70a1) Importer(2089858483,0ecaa5967403d082aa24f35e1b516d23)
Start importing Assets/PlayFabSdk/Events/PlayFabEventsModels.cs using Guid(9ee524faa41ee444ca207259e58e70a1) Importer(2089858483,0ecaa5967403d082aa24f35e1b516d23) Generated GUIDs only implemented for interfaces!
 -> (artifact id: 'dd9730ed45deeca7f7a7086b04856024') in 0.023020 seconds
Number of updated asset objects reloaded before import = 0
Number of asset objects unloaded after import = 1
========================================================================
Received Import Request.
  Time since last request: 0.000052 seconds.
  path: Assets/TextMesh Pro/Resources/Shaders/TMP_SDF-Mobile Masking.shader
  artifactKey: Guid(bc1ede39bf3643ee8e493720e4259791) Importer(2089858483,0ecaa5967403d082aa24f35e1b516d23)
Start importing Assets/TextMesh Pro/Resources/Shaders/TMP_SDF-Mobile Masking.shader using Guid(bc1ede39bf3643ee8e493720e4259791) Importer(2089858483,0ecaa5967403d082aa24f35e1b516d23) Generated GUIDs only implemented for interfaces!
 -> (artifact id: 'afdff10edd42eab9d4b1d942b1c9c945') in 0.025441 seconds
Number of updated asset objects reloaded before import = 0
Number of asset objects unloaded after import = 1
========================================================================
Received Import Request.
  Time since last request: 0.000183 seconds.
  path: Assets/PlayFabSdk/Shared/Ionic.Zlib/DeflateStream.cs
  artifactKey: Guid(d7cb4e529d8d0374f96b989aaf5e6c77) Importer(2089858483,0ecaa5967403d082aa24f35e1b516d23)
Start importing Assets/PlayFabSdk/Shared/Ionic.Zlib/DeflateStream.cs using Guid(d7cb4e529d8d0374f96b989aaf5e6c77) Importer(2089858483,0ecaa5967403d082aa24f35e1b516d23) Generated GUIDs only implemented for interfaces!
 -> (artifact id: '85f079d4b8636188b9111e2df18ea016') in 0.020930 seconds
Number of updated asset objects reloaded before import = 0
Number of asset objects unloaded after import = 1
========================================================================
Received Import Request.
  Time since last request: 0.000061 seconds.
  path: Assets/PlayFabSdk/Addon/PlayFabEvents.cs
  artifactKey: Guid(d196246361876214999b16fe616a0f32) Importer(2089858483,0ecaa5967403d082aa24f35e1b516d23)
Start importing Assets/PlayFabSdk/Addon/PlayFabEvents.cs using Guid(d196246361876214999b16fe616a0f32) Importer(2089858483,0ecaa5967403d082aa24f35e1b516d23) Generated GUIDs only implemented for interfaces!
 -> (artifact id: '3a6ec1a69ced2d894b9a527db9d3a29b') in 0.023013 seconds
Number of updated asset objects reloaded before import = 0
Number of asset objects unloaded after import = 1
========================================================================
Received Import Request.
  Time since last request: 0.000039 seconds.
  path: Assets/TextMesh Pro/Resources/Shaders/TMPro_Surface.cginc
  artifactKey: Guid(d930090c0cd643c7b55f19a38538c162) Importer(2089858483,0ecaa5967403d082aa24f35e1b516d23)
Start importing Assets/TextMesh Pro/Resources/Shaders/TMPro_Surface.cginc using Guid(d930090c0cd643c7b55f19a38538c162) Importer(2089858483,0ecaa5967403d082aa24f35e1b516d23) Generated GUIDs only implemented for interfaces!
 -> (artifact id: '22b74f1b9ab296181ca1bbae64d86521') in 0.019585 seconds
Number of updated asset objects reloaded before import = 0
Number of asset objects unloaded after import = 1
========================================================================
Received Import Request.
  Time since last request: 0.000033 seconds.
  path: Assets/TextMesh Pro/Resources/Shaders/TMP_Bitmap.shader
  artifactKey: Guid(128e987d567d4e2c824d754223b3f3b0) Importer(2089858483,0ecaa5967403d082aa24f35e1b516d23)
Start importing Assets/TextMesh Pro/Resources/Shaders/TMP_Bitmap.shader using Guid(128e987d567d4e2c824d754223b3f3b0) Importer(2089858483,0ecaa5967403d082aa24f35e1b516d23) Generated GUIDs only implemented for interfaces!
 -> (artifact id: '69b05506a6e401462006e2ad2d0eecf3') in 0.038940 seconds
Number of updated asset objects reloaded before import = 0
Number of asset objects unloaded after import = 1
========================================================================
Received Import Request.
  Time since last request: 0.000051 seconds.
  path: Assets/PlayFabSdk/Insights/PlayFabInsightsAPI.cs
  artifactKey: Guid(711d5cb10af3bcf44b9a605a7e7c03e3) Importer(2089858483,0ecaa5967403d082aa24f35e1b516d23)
Start importing Assets/PlayFabSdk/Insights/PlayFabInsightsAPI.cs using Guid(711d5cb10af3bcf44b9a605a7e7c03e3) Importer(2089858483,0ecaa5967403d082aa24f35e1b516d23) Generated GUIDs only implemented for interfaces!
 -> (artifact id: '094d4120e62ec564916f62d583150f4f') in 0.021637 seconds
Number of updated asset objects reloaded before import = 0
Number of asset objects unloaded after import = 1
========================================================================
Received Import Request.
  Time since last request: 0.000043 seconds.
  path: Assets/TextMesh Pro/Resources/Fonts & Materials/LiberationSans SDF - Outline.mat
  artifactKey: Guid(79459efec17a4d00a321bdcc27bbc385) Importer(2089858483,0ecaa5967403d082aa24f35e1b516d23)
Start importing Assets/TextMesh Pro/Resources/Fonts & Materials/LiberationSans SDF - Outline.mat using Guid(79459efec17a4d00a321bdcc27bbc385) Importer(2089858483,0ecaa5967403d082aa24f35e1b516d23) Generated GUIDs only implemented for interfaces!
 -> (artifact id: '5db1bcec53c955acf9c6d83af68ac5b6') in 0.044342 seconds
Number of updated asset objects reloaded before import = 0
Number of asset objects unloaded after import = 2
========================================================================
Received Import Request.
  Time since last request: 0.000023 seconds.
  path: Assets/PlayFabEditorExtensions/Editor/Scripts/Components/TitleDataViewer.cs
  artifactKey: Guid(667b18201be5e4597bd623f2314cf2bd) Importer(2089858483,0ecaa5967403d082aa24f35e1b516d23)
Start importing Assets/PlayFabEditorExtensions/Editor/Scripts/Components/TitleDataViewer.cs using Guid(667b18201be5e4597bd623f2314cf2bd) Importer(2089858483,0ecaa5967403d082aa24f35e1b516d23) Generated GUIDs only implemented for interfaces!
 -> (artifact id: 'ef1f47ea3f372f3a59d84e5153a433a7') in 0.023841 seconds
Number of updated asset objects reloaded before import = 0
Number of asset objects unloaded after import = 1
========================================================================
Received Import Request.
  Time since last request: 0.000061 seconds.
  path: Assets/PlayFabEditorExtensions/Editor/Scripts/Components/TitleInternalDataViewer.cs
  artifactKey: Guid(63d2e11a466c94865aac7fbd7aafd302) Importer(2089858483,0ecaa5967403d082aa24f35e1b516d23)
Start importing Assets/PlayFabEditorExtensions/Editor/Scripts/Components/TitleInternalDataViewer.cs using Guid(63d2e11a466c94865aac7fbd7aafd302) Importer(2089858483,0ecaa5967403d082aa24f35e1b516d23) Generated GUIDs only implemented for interfaces!
 -> (artifact id: '9a0a34d670e930beee087df8608a5dcd') in 0.022408 seconds
Number of updated asset objects reloaded before import = 0
Number of asset objects unloaded after import = 1
========================================================================
Received Import Request.
  Time since last request: 0.000049 seconds.
  path: Assets/PlayFabEditorExtensions/Editor/Scripts/PlayFabEditorSDK/PlayFabEditorHttp.cs
  artifactKey: Guid(f495d2bd2522f354d82ab4c043cbc727) Importer(2089858483,0ecaa5967403d082aa24f35e1b516d23)
Start importing Assets/PlayFabEditorExtensions/Editor/Scripts/PlayFabEditorSDK/PlayFabEditorHttp.cs using Guid(f495d2bd2522f354d82ab4c043cbc727) Importer(2089858483,0ecaa5967403d082aa24f35e1b516d23) Generated GUIDs only implemented for interfaces!
 -> (artifact id: '6c3fe62cc190893ef8394fb00f95873c') in 0.021000 seconds
Number of updated asset objects reloaded before import = 0
Number of asset objects unloaded after import = 1
========================================================================
Received Import Request.
  Time since last request: 0.000666 seconds.
  path: Assets/PlayFabEditorExtensions/Editor/Scripts/Utils/PlayFabEditorUtils.cs
  artifactKey: Guid(b422838f8121dc44ca79ceeea8582a50) Importer(2089858483,0ecaa5967403d082aa24f35e1b516d23)
Start importing Assets/PlayFabEditorExtensions/Editor/Scripts/Utils/PlayFabEditorUtils.cs using Guid(b422838f8121dc44ca79ceeea8582a50) Importer(2089858483,0ecaa5967403d082aa24f35e1b516d23) Generated GUIDs only implemented for interfaces!
 -> (artifact id: '3314e3637c810ccfd7910eaf8965e421') in 0.022905 seconds
Number of updated asset objects reloaded before import = 0
Number of asset objects unloaded after import = 1
========================================================================
Received Import Request.
  Time since last request: 0.000030 seconds.
  path: Assets/PlayFabEditorExtensions/Editor/Scripts/Components/ProgressBar.cs
  artifactKey: Guid(73c59009a8870444f8f5658099fc86f8) Importer(2089858483,0ecaa5967403d082aa24f35e1b516d23)
Start importing Assets/PlayFabEditorExtensions/Editor/Scripts/Components/ProgressBar.cs using Guid(73c59009a8870444f8f5658099fc86f8) Importer(2089858483,0ecaa5967403d082aa24f35e1b516d23) Generated GUIDs only implemented for interfaces!
 -> (artifact id: 'd51d5872386c8b046a242a59e233596f') in 0.024377 seconds
Number of updated asset objects reloaded before import = 0
Number of asset objects unloaded after import = 1
========================================================================
Received Import Request.
  Time since last request: 0.000030 seconds.
  path: Assets/PlayFabEditorExtensions/Editor/Scripts/Panels/PlayFabEditorSettings.cs
  artifactKey: Guid(cab05e4a89850364e8979904f46d0433) Importer(2089858483,0ecaa5967403d082aa24f35e1b516d23)
Start importing Assets/PlayFabEditorExtensions/Editor/Scripts/Panels/PlayFabEditorSettings.cs using Guid(cab05e4a89850364e8979904f46d0433) Importer(2089858483,0ecaa5967403d082aa24f35e1b516d23) Generated GUIDs only implemented for interfaces!
 -> (artifact id: 'bce7fa4f681cb12d48f229bbace8ea27') in 0.033402 seconds
Number of updated asset objects reloaded before import = 0
Number of asset objects unloaded after import = 1
========================================================================
Received Import Request.
  Time since last request: 0.000032 seconds.
  path: Assets/PlayFabSdk/Experimentation/PlayFabExperimentationInstanceAPI.cs
  artifactKey: Guid(ecc5b8d11fae41b4daaaf638349fdc78) Importer(2089858483,0ecaa5967403d082aa24f35e1b516d23)
Start importing Assets/PlayFabSdk/Experimentation/PlayFabExperimentationInstanceAPI.cs using Guid(ecc5b8d11fae41b4daaaf638349fdc78) Importer(2089858483,0ecaa5967403d082aa24f35e1b516d23) Generated GUIDs only implemented for interfaces!
 -> (artifact id: 'ae8b5b5b3355c39d1ab88f99844a37a3') in 0.024209 seconds
Number of updated asset objects reloaded before import = 0
Number of asset objects unloaded after import = 1
========================================================================
Received Import Request.
  Time since last request: 0.000849 seconds.
  path: Assets/PlayFabSdk/Shared/Internal/Util.cs
  artifactKey: Guid(b3bfc0fbdbe1a36429699dfc30c9e488) Importer(2089858483,0ecaa5967403d082aa24f35e1b516d23)
Start importing Assets/PlayFabSdk/Shared/Internal/Util.cs using Guid(b3bfc0fbdbe1a36429699dfc30c9e488) Importer(2089858483,0ecaa5967403d082aa24f35e1b516d23) Generated GUIDs only implemented for interfaces!
 -> (artifact id: '7ef2b63d29a67c731cfea247ad8b78d5') in 0.030945 seconds
Number of updated asset objects reloaded before import = 0
Number of asset objects unloaded after import = 1
========================================================================
Received Import Request.
  Time since last request: 0.000028 seconds.
  path: Assets/TextMesh Pro/Resources/Shaders/TMP_SDF Overlay.shader
  artifactKey: Guid(dd89cf5b9246416f84610a006f916af7) Importer(2089858483,0ecaa5967403d082aa24f35e1b516d23)
Start importing Assets/TextMesh Pro/Resources/Shaders/TMP_SDF Overlay.shader using Guid(dd89cf5b9246416f84610a006f916af7) Importer(2089858483,0ecaa5967403d082aa24f35e1b516d23) Generated GUIDs only implemented for interfaces!
 -> (artifact id: '8084c1675de3633f1b3111f994dab72b') in 0.025139 seconds
Number of updated asset objects reloaded before import = 0
Number of asset objects unloaded after import = 1
========================================================================
Received Import Request.
  Time since last request: 0.000274 seconds.
  path: Assets/PlayFabSdk/Progression/PlayFabProgressionAPI.cs
  artifactKey: Guid(77a7d66f0cc99ad40a5068f8a1e2865f) Importer(2089858483,0ecaa5967403d082aa24f35e1b516d23)
Start importing Assets/PlayFabSdk/Progression/PlayFabProgressionAPI.cs using Guid(77a7d66f0cc99ad40a5068f8a1e2865f) Importer(2089858483,0ecaa5967403d082aa24f35e1b516d23) Generated GUIDs only implemented for interfaces!
 -> (artifact id: '62448730cc2df36df38655e9bd511450') in 0.023055 seconds
Number of updated asset objects reloaded before import = 0
Number of asset objects unloaded after import = 1
========================================================================
Received Import Request.
  Time since last request: 0.000082 seconds.
  path: Assets/PlayFabSdk/CloudScript/PlayFabCloudScriptInstanceAPI.cs
  artifactKey: Guid(ac313c777a2b7054e9632c96829e1f7d) Importer(2089858483,0ecaa5967403d082aa24f35e1b516d23)
Start importing Assets/PlayFabSdk/CloudScript/PlayFabCloudScriptInstanceAPI.cs using Guid(ac313c777a2b7054e9632c96829e1f7d) Importer(2089858483,0ecaa5967403d082aa24f35e1b516d23) Generated GUIDs only implemented for interfaces!
 -> (artifact id: 'c04c876bc4d601f8247cd2ae6f67ad84') in 0.023804 seconds
Number of updated asset objects reloaded before import = 0
Number of asset objects unloaded after import = 1
========================================================================
Received Import Request.
  Time since last request: 0.000036 seconds.
  path: Assets/PlayFabSdk/Admin/PlayFabEvents.cs
  artifactKey: Guid(17d913d4a2b01d044a0f70f2679f2fca) Importer(2089858483,0ecaa5967403d082aa24f35e1b516d23)
Start importing Assets/PlayFabSdk/Admin/PlayFabEvents.cs using Guid(17d913d4a2b01d044a0f70f2679f2fca) Importer(2089858483,0ecaa5967403d082aa24f35e1b516d23) Generated GUIDs only implemented for interfaces!
 -> (artifact id: '072575344b3c57167a73729541793458') in 0.018039 seconds
Number of updated asset objects reloaded before import = 0
Number of asset objects unloaded after import = 1
========================================================================
Received Import Request.
  Time since last request: 0.000047 seconds.
  path: Assets/TextMesh Pro/Resources/TMP Settings.asset
  artifactKey: Guid(3f5b5dff67a942289a9defa416b206f3) Importer(2089858483,0ecaa5967403d082aa24f35e1b516d23)
Start importing Assets/TextMesh Pro/Resources/TMP Settings.asset using Guid(3f5b5dff67a942289a9defa416b206f3) Importer(2089858483,0ecaa5967403d082aa24f35e1b516d23) Generated GUIDs only implemented for interfaces!
 -> (artifact id: '231f937d99fbf242a1bedeb83abda4b8') in 0.078581 seconds
Number of updated asset objects reloaded before import = 0
Number of asset objects unloaded after import = 15
========================================================================
Received Import Request.
  Time since last request: 0.000025 seconds.
  path: Assets/PlayFabSdk/Experimentation/PlayFabExperimentationModels.cs
  artifactKey: Guid(0804132d8066c1440a5cfdd0e56bf63c) Importer(2089858483,0ecaa5967403d082aa24f35e1b516d23)
Start importing Assets/PlayFabSdk/Experimentation/PlayFabExperimentationModels.cs using Guid(0804132d8066c1440a5cfdd0e56bf63c) Importer(2089858483,0ecaa5967403d082aa24f35e1b516d23) Generated GUIDs only implemented for interfaces!
 -> (artifact id: '98a28dfbbe8a2f8d837335c8c9eb3fc5') in 0.019527 seconds
Number of updated asset objects reloaded before import = 0
Number of asset objects unloaded after import = 1
========================================================================
Received Import Request.
  Time since last request: 0.000028 seconds.
  path: Assets/PlayFabEditorExtensions/Editor/Scripts/Panels/PlayFabEditorPackages.cs
  artifactKey: Guid(d82ae6e4704d39945b28d49f4f084d9d) Importer(2089858483,0ecaa5967403d082aa24f35e1b516d23)
Start importing Assets/PlayFabEditorExtensions/Editor/Scripts/Panels/PlayFabEditorPackages.cs using Guid(d82ae6e4704d39945b28d49f4f084d9d) Importer(2089858483,0ecaa5967403d082aa24f35e1b516d23) Generated GUIDs only implemented for interfaces!
 -> (artifact id: 'aab4ec746689e4a1d433ae0c399fb43e') in 0.019921 seconds
Number of updated asset objects reloaded before import = 0
Number of asset objects unloaded after import = 1
========================================================================
Received Import Request.
  Time since last request: 0.000170 seconds.
  path: Assets/PlayFabEditorExtensions/Editor/Scripts/Utils/EditorCoroutine.cs
  artifactKey: Guid(4bfb5aeb6a8516445b2f97249ab88f62) Importer(2089858483,0ecaa5967403d082aa24f35e1b516d23)
Start importing Assets/PlayFabEditorExtensions/Editor/Scripts/Utils/EditorCoroutine.cs using Guid(4bfb5aeb6a8516445b2f97249ab88f62) Importer(2089858483,0ecaa5967403d082aa24f35e1b516d23) Generated GUIDs only implemented for interfaces!
 -> (artifact id: 'f408a8ff8a53733716feef778b05a748') in 0.019388 seconds
Number of updated asset objects reloaded before import = 0
Number of asset objects unloaded after import = 1
========================================================================
Received Import Request.
  Time since last request: 0.000023 seconds.
  path: Assets/Scripts/PlayerInfo.cs
  artifactKey: Guid(2a8dacea825646f48815bc1a678cf589) Importer(2089858483,0ecaa5967403d082aa24f35e1b516d23)
Start importing Assets/Scripts/PlayerInfo.cs using Guid(2a8dacea825646f48815bc1a678cf589) Importer(2089858483,0ecaa5967403d082aa24f35e1b516d23) Generated GUIDs only implemented for interfaces!
 -> (artifact id: '6f258bc9f860163049d6b1677c78dfa8') in 0.016224 seconds
Number of updated asset objects reloaded before import = 0
Number of asset objects unloaded after import = 1
========================================================================
Received Import Request.
  Time since last request: 0.000029 seconds.
  path: Assets/PlayFabEditorExtensions/Editor/UI/Fonts/Avalon Bold.ttf
  artifactKey: Guid(96e17474f840a01459f0cc936c5d4d9b) Importer(2089858483,0ecaa5967403d082aa24f35e1b516d23)
Start importing Assets/PlayFabEditorExtensions/Editor/UI/Fonts/Avalon Bold.ttf using Guid(96e17474f840a01459f0cc936c5d4d9b) Importer(2089858483,0ecaa5967403d082aa24f35e1b516d23) Generated GUIDs only implemented for interfaces!
 -> (artifact id: 'd81c180c6cf4d83df1db0b82cf63c481') in 0.071161 seconds
Number of updated asset objects reloaded before import = 0
Number of asset objects unloaded after import = 3
========================================================================
Received Import Request.
  Time since last request: 0.000058 seconds.
  path: Assets/PlayFabEditorExtensions/Editor/UI/Images/red.png
  artifactKey: Guid(ba384a3c945464600a4046641bb57ca3) Importer(2089858483,0ecaa5967403d082aa24f35e1b516d23)
Start importing Assets/PlayFabEditorExtensions/Editor/UI/Images/red.png using Guid(ba384a3c945464600a4046641bb57ca3) Importer(2089858483,0ecaa5967403d082aa24f35e1b516d23) Generated GUIDs only implemented for interfaces!
 -> (artifact id: '54d971c323e3cb66a1298280d42c3dd4') in 0.101959 seconds
Number of updated asset objects reloaded before import = 0
Number of asset objects unloaded after import = 1
========================================================================
Received Import Request.
  Time since last request: 0.000048 seconds.
  path: Assets/PlayFabSdk/Shared/Internal/PlayFabHttp/PlayFabHTTP.cs
  artifactKey: Guid(97a8a3caac8b73541aa8a9a1e330f479) Importer(2089858483,0ecaa5967403d082aa24f35e1b516d23)
Start importing Assets/PlayFabSdk/Shared/Internal/PlayFabHttp/PlayFabHTTP.cs using Guid(97a8a3caac8b73541aa8a9a1e330f479) Importer(2089858483,0ecaa5967403d082aa24f35e1b516d23) Generated GUIDs only implemented for interfaces!
 -> (artifact id: '56b1efb2b4d60631ea935b10875e6aef') in 0.020950 seconds
Number of updated asset objects reloaded before import = 0
Number of asset objects unloaded after import = 1
========================================================================
Received Import Request.
  Time since last request: 0.000026 seconds.
  path: Assets/PlayFabSdk/Shared/Public/Resources/PlayFabSharedSettings.asset
  artifactKey: Guid(698b2db098268c640929a7b8090a31eb) Importer(2089858483,0ecaa5967403d082aa24f35e1b516d23)
Start importing Assets/PlayFabSdk/Shared/Public/Resources/PlayFabSharedSettings.asset using Guid(698b2db098268c640929a7b8090a31eb) Importer(2089858483,0ecaa5967403d082aa24f35e1b516d23) Generated GUIDs only implemented for interfaces!
 -> (artifact id: 'f69fdff429d872e4d125056bf8c4ef23') in 0.024283 seconds
Number of updated asset objects reloaded before import = 0
Number of asset objects unloaded after import = 1
========================================================================
Received Import Request.
  Time since last request: 0.000036 seconds.
  path: Assets/PlayFabEditorExtensions/Editor/UI/Images/Orange.png
  artifactKey: Guid(83fd25cf40b81429ca784df9d37d32ba) Importer(2089858483,0ecaa5967403d082aa24f35e1b516d23)
Start importing Assets/PlayFabEditorExtensions/Editor/UI/Images/Orange.png using Guid(83fd25cf40b81429ca784df9d37d32ba) Importer(2089858483,0ecaa5967403d082aa24f35e1b516d23) Generated GUIDs only implemented for interfaces!
 -> (artifact id: '8020a3ee06c72c4bebc0fa6151b07d67') in 0.034247 seconds
Number of updated asset objects reloaded before import = 0
Number of asset objects unloaded after import = 1
========================================================================
Received Import Request.
  Time since last request: 0.000030 seconds.
  path: Assets/PlayFabEditorExtensions/Editor/UI/Images/checkmark_off.png
  artifactKey: Guid(d20c53c8cad21024091aeed0b9bf2a0e) Importer(2089858483,0ecaa5967403d082aa24f35e1b516d23)
Start importing Assets/PlayFabEditorExtensions/Editor/UI/Images/checkmark_off.png using Guid(d20c53c8cad21024091aeed0b9bf2a0e) Importer(2089858483,0ecaa5967403d082aa24f35e1b516d23) Generated GUIDs only implemented for interfaces!
 -> (artifact id: '50ad7a8ec551f00a5826fc5f7ecaf3bc') in 0.050587 seconds
Number of updated asset objects reloaded before import = 0
Number of asset objects unloaded after import = 3
========================================================================
Received Import Request.
  Time since last request: 0.000031 seconds.
  path: Assets/PlayFabEditorExtensions/Editor/UI/Images/green.png
  artifactKey: Guid(f30842e29e3a14ecea9b07a2e8f04c55) Importer(2089858483,0ecaa5967403d082aa24f35e1b516d23)
Start importing Assets/PlayFabEditorExtensions/Editor/UI/Images/green.png using Guid(f30842e29e3a14ecea9b07a2e8f04c55) Importer(2089858483,0ecaa5967403d082aa24f35e1b516d23) Generated GUIDs only implemented for interfaces!
 -> (artifact id: '9611e7abe2c66280ca01e3b84261bbab') in 0.043072 seconds
Number of updated asset objects reloaded before import = 0
Number of asset objects unloaded after import = 1
========================================================================
Received Import Request.
  Time since last request: 0.000026 seconds.
  path: Assets/PlayFabSdk/Shared/External/aria/CompactBinaryProtocolWriter.cs
  artifactKey: Guid(d43f7526083df4f489ba53da390841f4) Importer(2089858483,0ecaa5967403d082aa24f35e1b516d23)
Start importing Assets/PlayFabSdk/Shared/External/aria/CompactBinaryProtocolWriter.cs using Guid(d43f7526083df4f489ba53da390841f4) Importer(2089858483,0ecaa5967403d082aa24f35e1b516d23) Generated GUIDs only implemented for interfaces!
 -> (artifact id: 'b096bb45a47ea58e021d00338c03d51c') in 0.040695 seconds
Number of updated asset objects reloaded before import = 0
Number of asset objects unloaded after import = 1
========================================================================
Received Import Request.
  Time since last request: 0.000510 seconds.
  path: Assets/PlayFabSdk/Shared/External/aria/Utils.cs
  artifactKey: Guid(6bb861c202c02454e8055d2674620c5c) Importer(2089858483,0ecaa5967403d082aa24f35e1b516d23)
Start importing Assets/PlayFabSdk/Shared/External/aria/Utils.cs using Guid(6bb861c202c02454e8055d2674620c5c) Importer(2089858483,0ecaa5967403d082aa24f35e1b516d23) Generated GUIDs only implemented for interfaces!
 -> (artifact id: '7717c534cac98526d7d9b395dccb6d9e') in 0.016597 seconds
Number of updated asset objects reloaded before import = 0
Number of asset objects unloaded after import = 1
========================================================================
Received Import Request.
  Time since last request: 0.000027 seconds.
  path: Assets/PlayFabSdk/Shared/Internal/PlayFabHttp/GzipDownloadHandler.cs
  artifactKey: Guid(40479a6315f18a54a9db2c924e0af5ae) Importer(2089858483,0ecaa5967403d082aa24f35e1b516d23)
Start importing Assets/PlayFabSdk/Shared/Internal/PlayFabHttp/GzipDownloadHandler.cs using Guid(40479a6315f18a54a9db2c924e0af5ae) Importer(2089858483,0ecaa5967403d082aa24f35e1b516d23) Generated GUIDs only implemented for interfaces!
 -> (artifact id: '2cbe557342b941b66af7ae2f23cdcc7c') in 0.023906 seconds
Number of updated asset objects reloaded before import = 0
Number of asset objects unloaded after import = 1
========================================================================
Received Import Request.
  Time since last request: 0.000037 seconds.
  path: Assets/PlayFabEditorExtensions/Editor/UI/Images/r_colored.png
  artifactKey: Guid(93e56b7e753794953939a50df2c9c323) Importer(2089858483,0ecaa5967403d082aa24f35e1b516d23)
Start importing Assets/PlayFabEditorExtensions/Editor/UI/Images/r_colored.png using Guid(93e56b7e753794953939a50df2c9c323) Importer(2089858483,0ecaa5967403d082aa24f35e1b516d23) Generated GUIDs only implemented for interfaces!
 -> (artifact id: '6918303fe29eb573383e9c6b364469f1') in 0.041683 seconds
Number of updated asset objects reloaded before import = 0
Number of asset objects unloaded after import = 1
========================================================================
Received Import Request.
  Time since last request: 0.000088 seconds.
  path: Assets/PlayFabEditorExtensions/Editor/UI/Images/dn_gray.png
  artifactKey: Guid(677a55eab8f234e688ec4c6be70208bb) Importer(2089858483,0ecaa5967403d082aa24f35e1b516d23)
Start importing Assets/PlayFabEditorExtensions/Editor/UI/Images/dn_gray.png using Guid(677a55eab8f234e688ec4c6be70208bb) Importer(2089858483,0ecaa5967403d082aa24f35e1b516d23) Generated GUIDs only implemented for interfaces!
 -> (artifact id: '5735ac887e6da015e2759b5cd2eecb24') in 0.048766 seconds
Number of updated asset objects reloaded before import = 0
Number of asset objects unloaded after import = 1
========================================================================
Received Import Request.
  Time since last request: 0.000043 seconds.
  path: Assets/PlayFabSdk/Admin/PlayFabAdminAPI.cs
  artifactKey: Guid(98aa7d0b4d53fe24392fc8cc52120845) Importer(2089858483,0ecaa5967403d082aa24f35e1b516d23)
Start importing Assets/PlayFabSdk/Admin/PlayFabAdminAPI.cs using Guid(98aa7d0b4d53fe24392fc8cc52120845) Importer(2089858483,0ecaa5967403d082aa24f35e1b516d23) Generated GUIDs only implemented for interfaces!
 -> (artifact id: 'f69618ff1c295b53f500c02b2ca1932c') in 0.022528 seconds
Number of updated asset objects reloaded before import = 0
Number of asset objects unloaded after import = 1
========================================================================
Received Import Request.
  Time since last request: 0.000125 seconds.
  path: Assets/TextMesh Pro/Resources/Style Sheets/Default Style Sheet.asset
  artifactKey: Guid(f952c082cb03451daed3ee968ac6c63e) Importer(2089858483,0ecaa5967403d082aa24f35e1b516d23)
Start importing Assets/TextMesh Pro/Resources/Style Sheets/Default Style Sheet.asset using Guid(f952c082cb03451daed3ee968ac6c63e) Importer(2089858483,0ecaa5967403d082aa24f35e1b516d23) Generated GUIDs only implemented for interfaces!
 -> (artifact id: '3bd59bfca7b277c5779796271fbbf937') in 0.017747 seconds
Number of updated asset objects reloaded before import = 0
Number of asset objects unloaded after import = 1
========================================================================
Received Import Request.
  Time since last request: 0.000096 seconds.
  path: Assets/PlayFabSdk/Shared/Public/PlayFabSettings.cs
  artifactKey: Guid(aa223f24327e645d39b48f0ca9615e68) Importer(2089858483,0ecaa5967403d082aa24f35e1b516d23)
Start importing Assets/PlayFabSdk/Shared/Public/PlayFabSettings.cs using Guid(aa223f24327e645d39b48f0ca9615e68) Importer(2089858483,0ecaa5967403d082aa24f35e1b516d23) Generated GUIDs only implemented for interfaces!
 -> (artifact id: 'cd39393b30ba21250b7a3905d34bc23d') in 0.020478 seconds
Number of updated asset objects reloaded before import = 0
Number of asset objects unloaded after import = 1
========================================================================
Received Import Request.
  Time since last request: 0.000040 seconds.
  path: Assets/TextMesh Pro/Resources/Fonts & Materials/LiberationSans SDF.asset
  artifactKey: Guid(8f586378b4e144a9851e7b34d9b748ee) Importer(2089858483,0ecaa5967403d082aa24f35e1b516d23)
Start importing Assets/TextMesh Pro/Resources/Fonts & Materials/LiberationSans SDF.asset using Guid(8f586378b4e144a9851e7b34d9b748ee) Importer(2089858483,0ecaa5967403d082aa24f35e1b516d23) Generated GUIDs only implemented for interfaces!
 -> (artifact id: '4f76e29ff172fa86a1bd13721250616a') in 0.101181 seconds
Number of updated asset objects reloaded before import = 0
Number of asset objects unloaded after import = 8
========================================================================
Received Import Request.
  Time since last request: 0.000025 seconds.
  path: Assets/PlayFabSdk/Groups/PlayFabGroupsAPI.cs
  artifactKey: Guid(42170e999ab34f549ac03af203959176) Importer(2089858483,0ecaa5967403d082aa24f35e1b516d23)
Start importing Assets/PlayFabSdk/Groups/PlayFabGroupsAPI.cs using Guid(42170e999ab34f549ac03af203959176) Importer(2089858483,0ecaa5967403d082aa24f35e1b516d23) Generated GUIDs only implemented for interfaces!
 -> (artifact id: 'c19dbd2ddb1f90ce75f973c3911ffddd') in 0.020962 seconds
Number of updated asset objects reloaded before import = 0
Number of asset objects unloaded after import = 1
========================================================================
Received Import Request.
  Time since last request: 0.000063 seconds.
  path: Assets/PlayFabSdk/Shared/Ionic.Zlib/CRC32.cs
  artifactKey: Guid(e9dc86cc59fba3146927bf0713d12495) Importer(2089858483,0ecaa5967403d082aa24f35e1b516d23)
Start importing Assets/PlayFabSdk/Shared/Ionic.Zlib/CRC32.cs using Guid(e9dc86cc59fba3146927bf0713d12495) Importer(2089858483,0ecaa5967403d082aa24f35e1b516d23) Generated GUIDs only implemented for interfaces!
 -> (artifact id: '0cf7c98b1a642944c920667d13d6bd5c') in 0.016041 seconds
Number of updated asset objects reloaded before import = 0
Number of asset objects unloaded after import = 1
========================================================================
Received Import Request.
  Time since last request: 0.000024 seconds.
  path: Assets/PlayFabSdk/Insights/PlayFabInsightsInstanceAPI.cs
  artifactKey: Guid(c2e7ee83796bb834cbd6263a7a6d65ca) Importer(2089858483,0ecaa5967403d082aa24f35e1b516d23)
Start importing Assets/PlayFabSdk/Insights/PlayFabInsightsInstanceAPI.cs using Guid(c2e7ee83796bb834cbd6263a7a6d65ca) Importer(2089858483,0ecaa5967403d082aa24f35e1b516d23) Generated GUIDs only implemented for interfaces!
 -> (artifact id: 'e52a1854b288eab4cf8d65a22befa141') in 0.022902 seconds
Number of updated asset objects reloaded before import = 0
Number of asset objects unloaded after import = 1
========================================================================
Received Import Request.
  Time since last request: 0.000024 seconds.
  path: Assets/PlayFabEditorExtensions/Editor/Scripts/PlayFabEditorSDK/ISerializer.cs
  artifactKey: Guid(f326e8a2f3464f246b1f3b5edd7ea59c) Importer(2089858483,0ecaa5967403d082aa24f35e1b516d23)
Start importing Assets/PlayFabEditorExtensions/Editor/Scripts/PlayFabEditorSDK/ISerializer.cs using Guid(f326e8a2f3464f246b1f3b5edd7ea59c) Importer(2089858483,0ecaa5967403d082aa24f35e1b516d23) Generated GUIDs only implemented for interfaces!
 -> (artifact id: '30a11c2c6a29409cc833792ce38a9354') in 0.017141 seconds
Number of updated asset objects reloaded before import = 0
Number of asset objects unloaded after import = 1
========================================================================
Received Import Request.
  Time since last request: 0.000030 seconds.
  path: Assets/PlayFabSdk/Client/PlayFabEvents.cs
  artifactKey: Guid(da33df462ae2fa04cb401398dc2b8a5d) Importer(2089858483,0ecaa5967403d082aa24f35e1b516d23)
Start importing Assets/PlayFabSdk/Client/PlayFabEvents.cs using Guid(da33df462ae2fa04cb401398dc2b8a5d) Importer(2089858483,0ecaa5967403d082aa24f35e1b516d23) Generated GUIDs only implemented for interfaces!
 -> (artifact id: '262fa2218f2a15975bc069dfd81e3405') in 0.019459 seconds
Number of updated asset objects reloaded before import = 0
Number of asset objects unloaded after import = 1
========================================================================
Received Import Request.
  Time since last request: 0.000034 seconds.
  path: Assets/PlayFabSdk/Groups/PlayFabEvents.cs
  artifactKey: Guid(89aad6173ff54ed4092f14bd118f0652) Importer(2089858483,0ecaa5967403d082aa24f35e1b516d23)
Start importing Assets/PlayFabSdk/Groups/PlayFabEvents.cs using Guid(89aad6173ff54ed4092f14bd118f0652) Importer(2089858483,0ecaa5967403d082aa24f35e1b516d23) Generated GUIDs only implemented for interfaces!
 -> (artifact id: '9612c6048f9524a1f2e54615b1f218ab') in 0.015577 seconds
Number of updated asset objects reloaded before import = 0
Number of asset objects unloaded after import = 1
========================================================================
Received Import Request.
  Time since last request: 0.000022 seconds.
  path: Assets/TextMesh Pro/Resources/Shaders/TMP_Bitmap-Mobile.shader
  artifactKey: Guid(1e3b057af24249748ff873be7fafee47) Importer(2089858483,0ecaa5967403d082aa24f35e1b516d23)
Start importing Assets/TextMesh Pro/Resources/Shaders/TMP_Bitmap-Mobile.shader using Guid(1e3b057af24249748ff873be7fafee47) Importer(2089858483,0ecaa5967403d082aa24f35e1b516d23) Generated GUIDs only implemented for interfaces!
 -> (artifact id: 'c51cd238c3c3c4ee4608998f56d65466') in 0.026071 seconds
Number of updated asset objects reloaded before import = 0
Number of asset objects unloaded after import = 1
========================================================================
Received Import Request.
  Time since last request: 0.000079 seconds.
  path: Assets/PlayFabSdk/Shared/Public/IPlayFabPlugin.cs
  artifactKey: Guid(c515d14de9458ef449d382c41e4943b0) Importer(2089858483,0ecaa5967403d082aa24f35e1b516d23)
Start importing Assets/PlayFabSdk/Shared/Public/IPlayFabPlugin.cs using Guid(c515d14de9458ef449d382c41e4943b0) Importer(2089858483,0ecaa5967403d082aa24f35e1b516d23) Generated GUIDs only implemented for interfaces!
 -> (artifact id: '147d98f096a521e4f5b37519536313bc') in 0.020715 seconds
Number of updated asset objects reloaded before import = 0
Number of asset objects unloaded after import = 1
========================================================================
Received Import Request.
  Time since last request: 0.000028 seconds.
  path: Assets/PlayFabSdk/Multiplayer/PlayFabEvents.cs
  artifactKey: Guid(fe16c398171536247a7e4685790d4dac) Importer(2089858483,0ecaa5967403d082aa24f35e1b516d23)
Start importing Assets/PlayFabSdk/Multiplayer/PlayFabEvents.cs using Guid(fe16c398171536247a7e4685790d4dac) Importer(2089858483,0ecaa5967403d082aa24f35e1b516d23) Generated GUIDs only implemented for interfaces!
 -> (artifact id: 'b24c810d7b09bc347461fa0bd6891def') in 0.019908 seconds
Number of updated asset objects reloaded before import = 0
Number of asset objects unloaded after import = 1
========================================================================
Received Import Request.
  Time since last request: 0.000061 seconds.
  path: Assets/PlayFabEditorExtensions/Editor/Scripts/PlayFabEditorSDK/PlayFabEditorApi.cs
  artifactKey: Guid(78d90281a98aa9c47af733ae62f11a73) Importer(2089858483,0ecaa5967403d082aa24f35e1b516d23)
Start importing Assets/PlayFabEditorExtensions/Editor/Scripts/PlayFabEditorSDK/PlayFabEditorApi.cs using Guid(78d90281a98aa9c47af733ae62f11a73) Importer(2089858483,0ecaa5967403d082aa24f35e1b516d23) Generated GUIDs only implemented for interfaces!
 -> (artifact id: '9951a8ae0acab63aa60e0f38a926e35e') in 0.023547 seconds
Number of updated asset objects reloaded before import = 0
Number of asset objects unloaded after import = 1
========================================================================
Received Import Request.
  Time since last request: 0.000041 seconds.
  path: Assets/TextMesh Pro/Resources/Sprite Assets/EmojiOne.asset
  artifactKey: Guid(c41005c129ba4d66911b75229fd70b45) Importer(2089858483,0ecaa5967403d082aa24f35e1b516d23)
Start importing Assets/TextMesh Pro/Resources/Sprite Assets/EmojiOne.asset using Guid(c41005c129ba4d66911b75229fd70b45) Importer(2089858483,0ecaa5967403d082aa24f35e1b516d23) Generated GUIDs only implemented for interfaces!
 -> (artifact id: '278e59aae03a24d71e4f5f7ab9a10b14') in 0.034132 seconds
Number of updated asset objects reloaded before import = 0
Number of asset objects unloaded after import = 3
========================================================================
Received Import Request.
  Time since last request: 0.000049 seconds.
  path: Assets/PlayFabEditorExtensions/Editor/UI/Images/Black.png
  artifactKey: Guid(66d3ceb5fa86d498891e23dd5303a8f7) Importer(2089858483,0ecaa5967403d082aa24f35e1b516d23)
Start importing Assets/PlayFabEditorExtensions/Editor/UI/Images/Black.png using Guid(66d3ceb5fa86d498891e23dd5303a8f7) Importer(2089858483,0ecaa5967403d082aa24f35e1b516d23) Generated GUIDs only implemented for interfaces!
 -> (artifact id: 'dcffe84fe7b3a8edef010e88cafc4499') in 0.029381 seconds
Number of updated asset objects reloaded before import = 0
Number of asset objects unloaded after import = 1
========================================================================
Received Import Request.
  Time since last request: 0.000042 seconds.
  path: Assets/PlayFabSdk/Client/PlayFabClientModels.cs
  artifactKey: Guid(3a0a4ef9b600e6540b14561880293235) Importer(2089858483,0ecaa5967403d082aa24f35e1b516d23)
Start importing Assets/PlayFabSdk/Client/PlayFabClientModels.cs using Guid(3a0a4ef9b600e6540b14561880293235) Importer(2089858483,0ecaa5967403d082aa24f35e1b516d23) Generated GUIDs only implemented for interfaces!
 -> (artifact id: 'ef6390ea224dd9617b3f4ef6ea6082bb') in 0.018611 seconds
Number of updated asset objects reloaded before import = 0
Number of asset objects unloaded after import = 1
========================================================================
Received Import Request.
  Time since last request: 0.000181 seconds.
  path: Assets/PlayFabEditorExtensions/Editor/UI/Images/Clear.png
  artifactKey: Guid(d03222342209e43daaf2ca8d1364e47a) Importer(2089858483,0ecaa5967403d082aa24f35e1b516d23)
Start importing Assets/PlayFabEditorExtensions/Editor/UI/Images/Clear.png using Guid(d03222342209e43daaf2ca8d1364e47a) Importer(2089858483,0ecaa5967403d082aa24f35e1b516d23) Generated GUIDs only implemented for interfaces!
 -> (artifact id: 'c796e291cc7bc4c10587a2422822a5f3') in 0.046373 seconds
Number of updated asset objects reloaded before import = 0
Number of asset objects unloaded after import = 1
========================================================================
Received Import Request.
  Time since last request: 0.000039 seconds.
  path: Assets/PlayFabSdk/Client/PlayFabClientAPI.cs
  artifactKey: Guid(90390500e82fe784caf147e8a6dee649) Importer(2089858483,0ecaa5967403d082aa24f35e1b516d23)
Start importing Assets/PlayFabSdk/Client/PlayFabClientAPI.cs using Guid(90390500e82fe784caf147e8a6dee649) Importer(2089858483,0ecaa5967403d082aa24f35e1b516d23) Generated GUIDs only implemented for interfaces!
 -> (artifact id: 'd3135421df69828b01651d59406bad68') in 0.023091 seconds
Number of updated asset objects reloaded before import = 0
Number of asset objects unloaded after import = 1
========================================================================
Received Import Request.
  Time since last request: 0.000025 seconds.
  path: Assets/PlayFabSdk/Shared/Public/PluginContract.cs
  artifactKey: Guid(2e25ec8533eb4fe4fa7d39cc8dcda24c) Importer(2089858483,0ecaa5967403d082aa24f35e1b516d23)
Start importing Assets/PlayFabSdk/Shared/Public/PluginContract.cs using Guid(2e25ec8533eb4fe4fa7d39cc8dcda24c) Importer(2089858483,0ecaa5967403d082aa24f35e1b516d23) Generated GUIDs only implemented for interfaces!
 -> (artifact id: '0013cda7610d5bd35a7d7fe0550557c7') in 0.022535 seconds
Number of updated asset objects reloaded before import = 0
Number of asset objects unloaded after import = 1
========================================================================
Received Import Request.
  Time since last request: 0.000023 seconds.
  path: Assets/TextMesh Pro/Resources/Shaders/TMP_SDF-Surface.shader
  artifactKey: Guid(f7ada0af4f174f0694ca6a487b8f543d) Importer(2089858483,0ecaa5967403d082aa24f35e1b516d23)
Start importing Assets/TextMesh Pro/Resources/Shaders/TMP_SDF-Surface.shader using Guid(f7ada0af4f174f0694ca6a487b8f543d) Importer(2089858483,0ecaa5967403d082aa24f35e1b516d23) Generated GUIDs only implemented for interfaces!
 -> (artifact id: 'f1cbd6c9a07849da9f8be19b9d74cc46') in 0.026739 seconds
Number of updated asset objects reloaded before import = 0
Number of asset objects unloaded after import = 1
========================================================================
Received Import Request.
  Time since last request: 0.000146 seconds.
  path: Assets/PlayFabEditorExtensions/Editor/Scripts/Utils/PlayFabEditorDataService.cs
  artifactKey: Guid(c4c398f1711644e79aae821d377e572e) Importer(2089858483,0ecaa5967403d082aa24f35e1b516d23)
Start importing Assets/PlayFabEditorExtensions/Editor/Scripts/Utils/PlayFabEditorDataService.cs using Guid(c4c398f1711644e79aae821d377e572e) Importer(2089858483,0ecaa5967403d082aa24f35e1b516d23) Generated GUIDs only implemented for interfaces!
 -> (artifact id: '92846424f44700924988aaa128aab538') in 0.019511 seconds
Number of updated asset objects reloaded before import = 0
Number of asset objects unloaded after import = 1
========================================================================
Received Import Request.
  Time since last request: 0.000032 seconds.
  path: Assets/TextMesh Pro/Resources/Shaders/TMPro_Properties.cginc
  artifactKey: Guid(3997e2241185407d80309a82f9148466) Importer(2089858483,0ecaa5967403d082aa24f35e1b516d23)
Start importing Assets/TextMesh Pro/Resources/Shaders/TMPro_Properties.cginc using Guid(3997e2241185407d80309a82f9148466) Importer(2089858483,0ecaa5967403d082aa24f35e1b516d23) Generated GUIDs only implemented for interfaces!
 -> (artifact id: '3850b1c20ee33c6b11c061e13ba4a225') in 0.020614 seconds
Number of updated asset objects reloaded before import = 0
Number of asset objects unloaded after import = 1
========================================================================
Received Import Request.
  Time since last request: 0.000029 seconds.
  path: Assets/PlayFabEditorExtensions/Editor/Scripts/Panels/PlayFabEditorSDKTools.cs
  artifactKey: Guid(808d230e8f7859f4a9c84f6653a2ba1c) Importer(2089858483,0ecaa5967403d082aa24f35e1b516d23)
Start importing Assets/PlayFabEditorExtensions/Editor/Scripts/Panels/PlayFabEditorSDKTools.cs using Guid(808d230e8f7859f4a9c84f6653a2ba1c) Importer(2089858483,0ecaa5967403d082aa24f35e1b516d23) Generated GUIDs only implemented for interfaces!
 -> (artifact id: 'd48a98ec2d472bc743620cefd0d6d1cc') in 0.021873 seconds
Number of updated asset objects reloaded before import = 0
Number of asset objects unloaded after import = 1
========================================================================
Received Import Request.
  Time since last request: 0.000083 seconds.
  path: Assets/TextMesh Pro/Fonts/LiberationSans - OFL.txt
  artifactKey: Guid(6e59c59b81ab47f9b6ec5781fa725d2c) Importer(2089858483,0ecaa5967403d082aa24f35e1b516d23)
Start importing Assets/TextMesh Pro/Fonts/LiberationSans - OFL.txt using Guid(6e59c59b81ab47f9b6ec5781fa725d2c) Importer(2089858483,0ecaa5967403d082aa24f35e1b516d23) Generated GUIDs only implemented for interfaces!
 -> (artifact id: 'db46324f6d0c631c964f2096cc8b0b59') in 0.015373 seconds
Number of updated asset objects reloaded before import = 0
Number of asset objects unloaded after import = 1
========================================================================
Received Import Request.
  Time since last request: 0.000071 seconds.
  path: Assets/PlayFabEditorExtensions/Editor/UI/Images/playfablogo.png
  artifactKey: Guid(77e37f7fe73c7db4d9a1702eb4ad411b) Importer(2089858483,0ecaa5967403d082aa24f35e1b516d23)
Start importing Assets/PlayFabEditorExtensions/Editor/UI/Images/playfablogo.png using Guid(77e37f7fe73c7db4d9a1702eb4ad411b) Importer(2089858483,0ecaa5967403d082aa24f35e1b516d23) Generated GUIDs only implemented for interfaces!
 -> (artifact id: 'd7d395a121da284c04a0e82d931b062b') in 0.037813 seconds
Number of updated asset objects reloaded before import = 0
Number of asset objects unloaded after import = 3
========================================================================
Received Import Request.
  Time since last request: 0.000042 seconds.
  path: Assets/PlayFabSdk/PlayFab.asmdef
  artifactKey: Guid(0da6d172d18a54e4389d0dce1e1ffdf2) Importer(2089858483,0ecaa5967403d082aa24f35e1b516d23)
Start importing Assets/PlayFabSdk/PlayFab.asmdef using Guid(0da6d172d18a54e4389d0dce1e1ffdf2) Importer(2089858483,0ecaa5967403d082aa24f35e1b516d23) Generated GUIDs only implemented for interfaces!
 -> (artifact id: '49bf94c2f76e8a922c4bf8138da149ae') in 0.027102 seconds
Number of updated asset objects reloaded before import = 0
Number of asset objects unloaded after import = 1
========================================================================
Received Import Request.
  Time since last request: 0.000043 seconds.
  path: Assets/PlayFabSdk/Shared/Editor/PlayFabSdkEditor.asmdef
  artifactKey: Guid(8aa8a8085039f0e4ba1c8d6480d45262) Importer(2089858483,0ecaa5967403d082aa24f35e1b516d23)
Start importing Assets/PlayFabSdk/Shared/Editor/PlayFabSdkEditor.asmdef using Guid(8aa8a8085039f0e4ba1c8d6480d45262) Importer(2089858483,0ecaa5967403d082aa24f35e1b516d23) Generated GUIDs only implemented for interfaces!
 -> (artifact id: '26df3b653ab7618fe01769a451ad0f29') in 0.014133 seconds
Number of updated asset objects reloaded before import = 0
Number of asset objects unloaded after import = 1
========================================================================
Received Import Request.
  Time since last request: 0.000045 seconds.
  path: Assets/TextMesh Pro/Resources/Shaders/TMP_SDF.shader
  artifactKey: Guid(68e6db2ebdc24f95958faec2be5558d6) Importer(2089858483,0ecaa5967403d082aa24f35e1b516d23)
Start importing Assets/TextMesh Pro/Resources/Shaders/TMP_SDF.shader using Guid(68e6db2ebdc24f95958faec2be5558d6) Importer(2089858483,0ecaa5967403d082aa24f35e1b516d23) Generated GUIDs only implemented for interfaces!
 -> (artifact id: '55e4d72cf2df3586e6f412f6300ed2e2') in 0.034503 seconds
Number of updated asset objects reloaded before import = 0
Number of asset objects unloaded after import = 1
========================================================================
Received Import Request.
  Time since last request: 0.000037 seconds.
  path: Assets/PlayFabSdk/Shared/Ionic.Zlib/Deflate.cs
  artifactKey: Guid(10c85b67d8e083d4bb3ade7def64d383) Importer(2089858483,0ecaa5967403d082aa24f35e1b516d23)
Start importing Assets/PlayFabSdk/Shared/Ionic.Zlib/Deflate.cs using Guid(10c85b67d8e083d4bb3ade7def64d383) Importer(2089858483,0ecaa5967403d082aa24f35e1b516d23) Generated GUIDs only implemented for interfaces!
 -> (artifact id: '92a791a23c02cb057c77b4cd89f1186e') in 0.021938 seconds
Number of updated asset objects reloaded before import = 0
Number of asset objects unloaded after import = 1
========================================================================
Received Import Request.
  Time since last request: 0.000025 seconds.
  path: Assets/PlayFabEditorExtensions/Editor/Scripts/PlayFabEditorSDK/PlayFabEditorModels.cs
  artifactKey: Guid(9115cedc892e0c845941e0cb3f98bd3b) Importer(2089858483,0ecaa5967403d082aa24f35e1b516d23)
Start importing Assets/PlayFabEditorExtensions/Editor/Scripts/PlayFabEditorSDK/PlayFabEditorModels.cs using Guid(9115cedc892e0c845941e0cb3f98bd3b) Importer(2089858483,0ecaa5967403d082aa24f35e1b516d23) Generated GUIDs only implemented for interfaces!
 -> (artifact id: '333f4fcceef9e9a7bc3e45b0ce925639') in 0.023606 seconds
Number of updated asset objects reloaded before import = 0
Number of asset objects unloaded after import = 1
========================================================================
Received Import Request.
  Time since last request: 0.000403 seconds.
  path: Assets/PlayFabEditorExtensions/Editor/UI/Images/dashboardIcon.png
  artifactKey: Guid(4f1db872b2efa324c806fcbb54e19e1c) Importer(2089858483,0ecaa5967403d082aa24f35e1b516d23)
Start importing Assets/PlayFabEditorExtensions/Editor/UI/Images/dashboardIcon.png using Guid(4f1db872b2efa324c806fcbb54e19e1c) Importer(2089858483,0ecaa5967403d082aa24f35e1b516d23) Generated GUIDs only implemented for interfaces!
 -> (artifact id: '941aad616dece025ff73cc741ae49094') in 0.071176 seconds
Number of updated asset objects reloaded before import = 0
Number of asset objects unloaded after import = 3
========================================================================
Received Import Request.
  Time since last request: 0.000352 seconds.
  path: Assets/PlayFabSdk/Addon/PlayFabAddonInstanceAPI.cs
  artifactKey: Guid(cb16ee30d77a0bd4095b94a53a375676) Importer(2089858483,0ecaa5967403d082aa24f35e1b516d23)
Start importing Assets/PlayFabSdk/Addon/PlayFabAddonInstanceAPI.cs using Guid(cb16ee30d77a0bd4095b94a53a375676) Importer(2089858483,0ecaa5967403d082aa24f35e1b516d23) Generated GUIDs only implemented for interfaces!
 -> (artifact id: '3d7ba4d5a5c7c647904a5f3699197eef') in 0.017349 seconds
Number of updated asset objects reloaded before import = 0
Number of asset objects unloaded after import = 1
========================================================================
Received Import Request.
  Time since last request: 0.000041 seconds.
  path: Assets/PlayFabSdk/Localization/PlayFabLocalizationInstanceAPI.cs
  artifactKey: Guid(0e3a59c48c3c6fb45a9d83845b225dde) Importer(2089858483,0ecaa5967403d082aa24f35e1b516d23)
Start importing Assets/PlayFabSdk/Localization/PlayFabLocalizationInstanceAPI.cs using Guid(0e3a59c48c3c6fb45a9d83845b225dde) Importer(2089858483,0ecaa5967403d082aa24f35e1b516d23) Generated GUIDs only implemented for interfaces!
 -> (artifact id: 'f9a20e9f40ddf8e4d0004699473b7d45') in 0.022062 seconds
Number of updated asset objects reloaded before import = 0
Number of asset objects unloaded after import = 1
========================================================================
Received Prepare
Refreshing native plugins compatible for Editor in 3.06 ms, found 2 plugins.
Preloading 0 native plugins for Editor in 0.00 ms.
Unloading 0 Unused Serialized files (Serialized files now loaded: 0)
Unloading 1 unused Assets / (0.8 KB). Loaded Objects now: 2023.
Memory consumption went from 50.6 MB to 50.6 MB.
Total: 7.183500 ms (FindLiveObjects: 0.213100 ms CreateObjectMapping: 0.079800 ms MarkObjects: 6.841100 ms  DeleteObjects: 0.048400 ms)

Prepare: number of updated asset objects reloaded= 0
AssetImportParameters requested are different than current active one (requested -> active):
  custom:video-encoder-webm-vp8: eb34c28f22e8b96e1ab97ce403110664 -> 
  custom:video-decoder-webm-vp8: 9c59270c3fd7afecdb556c50c9e8de78 -> 
  custom:audio-decoder-ogg-vorbis: bf7c407c2cedff20999df2af8eb42d56 -> 
  custom:SearchIndexIgnoredProperties: e643bd26f0fe6173181afceb89e7c659 -> 
  custom:container-demuxer-ogg: 62fdf1f143b41e24485cea50d1cbac27 -> 
  custom:AudioImporter_EditorPlatform: d09bf68614088b80899f8185d706f6e7 -> 
  custom:container-demuxer-webm: 4f35f7cbe854078d1ac9338744f61a02 -> 
  custom:video-codec-MediaFoundation-h265: 746d11721c4dcdbdad8f713fa42b33f4 -> 
  custom:video-decoder-ogg-theora: a1e56fd34408186e4bbccfd4996cb3dc -> 
  custom:audio-encoder-webm-vorbis: bf7c407c2cedff20999df2af8eb42d56 -> 
  custom:framework-win-MediaFoundation: 216162199b28c13a410421893ffa2e32 -> 
  custom:container-muxer-webm: aa71ff27fc2769a1b78a27578f13a17b -> 
